[2019-06-13 14:22:41] UTN FRA LOGGER.INFO: ::1 [] {"uid":"ecfba35"}
[2019-06-13 14:23:14] UTN FRA LOGGER.INFO: ip :::1 [] {"uid":"f1af206"}
[2019-06-13 14:31:21] UTN FRA LOGGER.INFO: info  =Mozilla/5.0 (X11; Linux x86_64) AppleWebKit/537.36 (KHTML, like Gecko) Chrome/73.0.3683.86 Safari/537.36 [] {"uid":"2676799"}
[2019-06-13 14:31:21] UTN FRA LOGGER.INFO: ip =::1 [] {"uid":"2676799"}
[2019-06-13 14:33:01] UTN FRA LOGGER.INFO: info  =PostmanRuntime/7.1.1 [] {"uid":"1c0e970"}
[2019-06-13 14:33:01] UTN FRA LOGGER.INFO: ip =::1 [] {"uid":"1c0e970"}
[2019-06-13 14:33:04] UTN FRA LOGGER.INFO: info  =PostmanRuntime/7.1.1 [] {"uid":"e0a490b"}
[2019-06-13 14:33:04] UTN FRA LOGGER.INFO: ip =::1 [] {"uid":"e0a490b"}
[2019-06-13 14:33:08] UTN FRA LOGGER.INFO: info  =PostmanRuntime/7.1.1 [] {"uid":"5792b8b"}
[2019-06-13 14:33:08] UTN FRA LOGGER.INFO: ip =::1 [] {"uid":"5792b8b"}
[2019-06-13 14:33:14] UTN FRA LOGGER.INFO: info  =PostmanRuntime/7.1.1 [] {"uid":"c3f3041"}
[2019-06-13 14:33:14] UTN FRA LOGGER.INFO: ip =::1 [] {"uid":"c3f3041"}
[2019-06-13 14:41:27] UTN FRA LOGGER.INFO: info  =Mozilla/5.0 (X11; Linux x86_64; rv:60.0) Gecko/20100101 Firefox/60.0 [] {"uid":"d971c69"}
[2019-06-13 14:41:27] UTN FRA LOGGER.INFO: ip =127.0.0.1 [] {"uid":"d971c69"}
[2019-06-13 14:46:20] UTN FRA LOGGER.INFO: info  =Mozilla/5.0 (X11; Linux x86_64; rv:60.0) Gecko/20100101 Firefox/60.0 [] {"uid":"01737b9"}
[2019-06-13 14:46:20] UTN FRA LOGGER.INFO: ip =127.0.0.1 [] {"uid":"01737b9"}
[2019-06-13 14:48:37] UTN FRA LOGGER.INFO: info  =Mozilla/5.0 (X11; Linux x86_64) AppleWebKit/537.36 (KHTML, like Gecko) Chrome/50.0.2661.76 YaBrowser/16.6.0.6383 (beta) Safari/537.36 [] {"uid":"5d9f7e5"}
[2019-06-13 14:48:37] UTN FRA LOGGER.INFO: ip =::1 [] {"uid":"5d9f7e5"}
[2019-06-13 14:48:52] UTN FRA LOGGER.INFO: info  =Mozilla/5.0 (X11; Linux x86_64) AppleWebKit/537.36 (KHTML, like Gecko) Chrome/50.0.2661.76 YaBrowser/16.6.0.6383 (beta) Safari/537.36 [] {"uid":"f6cdba9"}
[2019-06-13 14:48:52] UTN FRA LOGGER.INFO: ip =::1 [] {"uid":"f6cdba9"}
[2019-06-13 14:48:59] UTN FRA LOGGER.INFO: info  =Mozilla/5.0 (X11; Linux x86_64) AppleWebKit/537.36 (KHTML, like Gecko) Chrome/50.0.2661.76 YaBrowser/16.6.0.6383 (beta) Safari/537.36 [] {"uid":"7fb9fe5"}
[2019-06-13 14:48:59] UTN FRA LOGGER.INFO: ip =::1 [] {"uid":"7fb9fe5"}
[2019-06-13 14:50:12] UTN FRA LOGGER.INFO: info  =Mozilla/5.0 (X11; Linux x86_64) AppleWebKit/537.36 (KHTML, like Gecko) Chrome/71.0.3578.98 Safari/537.36 OPR/58.0.3135.107 [] {"uid":"05adba9"}
[2019-06-13 14:50:13] UTN FRA LOGGER.INFO: ip =::1 [] {"uid":"05adba9"}
[2019-06-13 14:51:49] UTN FRA LOGGER.INFO: info  =Mozilla/5.0 (X11; Linux x86_64) AppleWebKit/537.36 (KHTML, like Gecko) Chrome/73.0.3683.86 Safari/537.36 [] {"uid":"4869fa1"}
[2019-06-13 14:51:49] UTN FRA LOGGER.INFO: ip =::1 [] {"uid":"4869fa1"}
[2019-06-13 14:52:04] UTN FRA LOGGER.INFO: info  =PostmanRuntime/7.1.1 [] {"uid":"955f892"}
[2019-06-13 14:52:04] UTN FRA LOGGER.INFO: ip =::1 [] {"uid":"955f892"}
[2019-06-13 14:52:24] UTN FRA LOGGER.INFO: Datos  =PostmanRuntime/7.1.1 [] {"uid":"3d3557f"}
[2019-06-13 14:52:24] UTN FRA LOGGER.INFO: ip =::1 [] {"uid":"3d3557f"}
[2019-06-13 14:52:34] UTN FRA LOGGER.INFO: Datos  =Mozilla/5.0 (X11; Linux x86_64) AppleWebKit/537.36 (KHTML, like Gecko) Chrome/71.0.3578.98 Safari/537.36 OPR/58.0.3135.107 [] {"uid":"521a87e"}
[2019-06-13 14:52:34] UTN FRA LOGGER.INFO: ip =::1 [] {"uid":"521a87e"}
[2019-06-13 14:54:41] UTN FRA LOGGER.INFO: Datos  =Mozilla/5.0 (X11; Linux x86_64) AppleWebKit/537.36 (KHTML, like Gecko) Chrome/73.0.3683.86 Safari/537.36 [] {"uid":"15b9fd3"}
[2019-06-13 14:54:41] UTN FRA LOGGER.INFO: ip =::1 [] {"uid":"15b9fd3"}
[2019-06-13 15:40:36] UTN FRA LOGGER.INFO: Datos  =Mozilla/5.0 (X11; Linux x86_64) AppleWebKit/537.36 (KHTML, like Gecko) Chrome/73.0.3683.86 Safari/537.36 [] {"uid":"bbb9226"}
[2019-06-13 15:40:36] UTN FRA LOGGER.INFO: ip =::1 [] {"uid":"bbb9226"}
[2019-06-13 15:40:42] UTN FRA LOGGER.INFO: Datos  =Mozilla/5.0 (X11; Linux x86_64) AppleWebKit/537.36 (KHTML, like Gecko) Chrome/73.0.3683.86 Safari/537.36 [] {"uid":"d5105f7"}
[2019-06-13 15:40:42] UTN FRA LOGGER.INFO: ip =::1 [] {"uid":"d5105f7"}
[2019-06-13 15:41:29] UTN FRA LOGGER.INFO: Datos  =Mozilla/5.0 (X11; Linux x86_64) AppleWebKit/537.36 (KHTML, like Gecko) Chrome/73.0.3683.86 Safari/537.36 [] {"uid":"e12c6d8"}
[2019-06-13 15:41:29] UTN FRA LOGGER.INFO: ip =::1 [] {"uid":"e12c6d8"}
[2019-06-13 15:42:30] UTN FRA LOGGER.INFO: Datos  =Mozilla/5.0 (X11; Linux x86_64) AppleWebKit/537.36 (KHTML, like Gecko) Chrome/73.0.3683.86 Safari/537.36 [] {"uid":"36ef6fa"}
[2019-06-13 15:42:30] UTN FRA LOGGER.INFO: ip =::1 [] {"uid":"36ef6fa"}
[2019-06-13 15:45:52] UTN FRA LOGGER.INFO: Datos  =Mozilla/5.0 (X11; Linux x86_64) AppleWebKit/537.36 (KHTML, like Gecko) Chrome/73.0.3683.86 Safari/537.36 [] {"uid":"452e00c"}
[2019-06-13 15:45:52] UTN FRA LOGGER.INFO: ip =::1 [] {"uid":"452e00c"}
[2019-06-13 15:46:48] UTN FRA LOGGER.INFO: Datos  =Mozilla/5.0 (X11; Linux x86_64) AppleWebKit/537.36 (KHTML, like Gecko) Chrome/73.0.3683.86 Safari/537.36 [] {"uid":"accaf17"}
[2019-06-13 15:46:48] UTN FRA LOGGER.INFO: ip =::1 [] {"uid":"accaf17"}
[2019-06-13 15:46:49] UTN FRA LOGGER.INFO: Datos  =Mozilla/5.0 (X11; Linux x86_64) AppleWebKit/537.36 (KHTML, like Gecko) Chrome/73.0.3683.86 Safari/537.36 [] {"uid":"2977b9f"}
[2019-06-13 15:46:49] UTN FRA LOGGER.INFO: ip =::1 [] {"uid":"2977b9f"}
[2019-06-13 15:46:50] UTN FRA LOGGER.INFO: Datos  =Mozilla/5.0 (X11; Linux x86_64) AppleWebKit/537.36 (KHTML, like Gecko) Chrome/73.0.3683.86 Safari/537.36 [] {"uid":"5b1fbcd"}
[2019-06-13 15:46:50] UTN FRA LOGGER.INFO: ip =::1 [] {"uid":"5b1fbcd"}
[2019-06-13 15:47:05] UTN FRA LOGGER.INFO: Datos  =Mozilla/5.0 (X11; Linux x86_64) AppleWebKit/537.36 (KHTML, like Gecko) Chrome/73.0.3683.86 Safari/537.36 [] {"uid":"618e906"}
[2019-06-13 15:47:05] UTN FRA LOGGER.INFO: ip =::1 [] {"uid":"618e906"}
[2019-06-13 15:47:10] UTN FRA LOGGER.INFO: Datos  =Mozilla/5.0 (X11; Linux x86_64) AppleWebKit/537.36 (KHTML, like Gecko) Chrome/73.0.3683.86 Safari/537.36 [] {"uid":"e6f850c"}
[2019-06-13 15:47:10] UTN FRA LOGGER.INFO: ip =::1 [] {"uid":"e6f850c"}
[2019-06-13 15:47:16] UTN FRA LOGGER.INFO: Datos  =Mozilla/5.0 (X11; Linux x86_64) AppleWebKit/537.36 (KHTML, like Gecko) Chrome/73.0.3683.86 Safari/537.36 [] {"uid":"6080469"}
[2019-06-13 15:47:16] UTN FRA LOGGER.INFO: ip =::1 [] {"uid":"6080469"}
[2019-06-13 15:47:52] UTN FRA LOGGER.INFO: Datos  =Mozilla/5.0 (X11; Linux x86_64) AppleWebKit/537.36 (KHTML, like Gecko) Chrome/73.0.3683.86 Safari/537.36 [] {"uid":"be829a8"}
[2019-06-13 15:47:52] UTN FRA LOGGER.INFO: ip =::1 [] {"uid":"be829a8"}
[2019-06-13 15:47:55] UTN FRA LOGGER.INFO: Datos  =Mozilla/5.0 (X11; Linux x86_64) AppleWebKit/537.36 (KHTML, like Gecko) Chrome/73.0.3683.86 Safari/537.36 [] {"uid":"8f497ca"}
[2019-06-13 15:47:55] UTN FRA LOGGER.INFO: ip =::1 [] {"uid":"8f497ca"}
[2019-06-13 15:48:12] UTN FRA LOGGER.INFO: Datos  =Mozilla/5.0 (X11; Linux x86_64) AppleWebKit/537.36 (KHTML, like Gecko) Chrome/73.0.3683.86 Safari/537.36 [] {"uid":"9e48c5a"}
[2019-06-13 15:48:12] UTN FRA LOGGER.INFO: ip =::1 [] {"uid":"9e48c5a"}
[2019-06-13 15:48:15] UTN FRA LOGGER.INFO: Datos  =Mozilla/5.0 (X11; Linux x86_64) AppleWebKit/537.36 (KHTML, like Gecko) Chrome/73.0.3683.86 Safari/537.36 [] {"uid":"b916695"}
[2019-06-13 15:48:15] UTN FRA LOGGER.INFO: ip =::1 [] {"uid":"b916695"}
[2019-06-13 15:50:55] UTN FRA LOGGER.INFO: Datos  =Mozilla/5.0 (X11; Linux x86_64) AppleWebKit/537.36 (KHTML, like Gecko) Chrome/73.0.3683.86 Safari/537.36 [] {"uid":"1dd5fc6"}
[2019-06-13 15:50:55] UTN FRA LOGGER.INFO: ip =::1 [] {"uid":"1dd5fc6"}
[2019-06-13 15:51:28] UTN FRA LOGGER.INFO: Datos  =Mozilla/5.0 (X11; Linux x86_64) AppleWebKit/537.36 (KHTML, like Gecko) Chrome/73.0.3683.86 Safari/537.36 [] {"uid":"458c08c"}
[2019-06-13 15:51:28] UTN FRA LOGGER.INFO: ip =::1 [] {"uid":"458c08c"}
[2019-06-13 15:51:33] UTN FRA LOGGER.INFO: Datos  =Mozilla/5.0 (X11; Linux x86_64) AppleWebKit/537.36 (KHTML, like Gecko) Chrome/73.0.3683.86 Safari/537.36 [] {"uid":"c57b200"}
[2019-06-13 15:51:33] UTN FRA LOGGER.INFO: ip =::1 [] {"uid":"c57b200"}
[2019-06-13 15:53:23] UTN FRA LOGGER.INFO: Datos  =Mozilla/5.0 (X11; Linux x86_64) AppleWebKit/537.36 (KHTML, like Gecko) Chrome/73.0.3683.86 Safari/537.36 [] {"uid":"903207f"}
[2019-06-13 15:53:23] UTN FRA LOGGER.INFO: ip =::1 [] {"uid":"903207f"}
[2019-06-13 15:53:26] UTN FRA LOGGER.INFO: Datos  =Mozilla/5.0 (X11; Linux x86_64) AppleWebKit/537.36 (KHTML, like Gecko) Chrome/73.0.3683.86 Safari/537.36 [] {"uid":"3a71660"}
[2019-06-13 15:53:26] UTN FRA LOGGER.INFO: ip =::1 [] {"uid":"3a71660"}
[2019-06-13 15:54:00] UTN FRA LOGGER.INFO: Datos  =Mozilla/5.0 (X11; Linux x86_64) AppleWebKit/537.36 (KHTML, like Gecko) Chrome/73.0.3683.86 Safari/537.36 [] {"uid":"b363313"}
[2019-06-13 15:54:00] UTN FRA LOGGER.INFO: ip =::1 [] {"uid":"b363313"}
[2019-06-13 15:54:01] UTN FRA LOGGER.INFO: Datos  =Mozilla/5.0 (X11; Linux x86_64) AppleWebKit/537.36 (KHTML, like Gecko) Chrome/73.0.3683.86 Safari/537.36 [] {"uid":"a1ab03e"}
[2019-06-13 15:54:01] UTN FRA LOGGER.INFO: ip =::1 [] {"uid":"a1ab03e"}
[2019-06-13 15:54:01] UTN FRA LOGGER.INFO: Datos  =Mozilla/5.0 (X11; Linux x86_64) AppleWebKit/537.36 (KHTML, like Gecko) Chrome/73.0.3683.86 Safari/537.36 [] {"uid":"74bb1fc"}
[2019-06-13 15:54:01] UTN FRA LOGGER.INFO: ip =::1 [] {"uid":"74bb1fc"}
[2019-06-13 15:54:01] UTN FRA LOGGER.INFO: Datos  =Mozilla/5.0 (X11; Linux x86_64) AppleWebKit/537.36 (KHTML, like Gecko) Chrome/73.0.3683.86 Safari/537.36 [] {"uid":"e07b9d7"}
[2019-06-13 15:54:01] UTN FRA LOGGER.INFO: ip =::1 [] {"uid":"e07b9d7"}
[2019-06-13 15:54:01] UTN FRA LOGGER.INFO: Datos  =Mozilla/5.0 (X11; Linux x86_64) AppleWebKit/537.36 (KHTML, like Gecko) Chrome/73.0.3683.86 Safari/537.36 [] {"uid":"b3e7a0b"}
[2019-06-13 15:54:01] UTN FRA LOGGER.INFO: ip =::1 [] {"uid":"b3e7a0b"}
[2019-06-13 15:54:02] UTN FRA LOGGER.INFO: Datos  =Mozilla/5.0 (X11; Linux x86_64) AppleWebKit/537.36 (KHTML, like Gecko) Chrome/73.0.3683.86 Safari/537.36 [] {"uid":"e6fa77e"}
[2019-06-13 15:54:02] UTN FRA LOGGER.INFO: ip =::1 [] {"uid":"e6fa77e"}
[2019-06-13 15:54:02] UTN FRA LOGGER.INFO: Datos  =Mozilla/5.0 (X11; Linux x86_64) AppleWebKit/537.36 (KHTML, like Gecko) Chrome/73.0.3683.86 Safari/537.36 [] {"uid":"262fbd8"}
[2019-06-13 15:54:02] UTN FRA LOGGER.INFO: ip =::1 [] {"uid":"262fbd8"}
[2019-06-13 15:54:29] UTN FRA LOGGER.INFO: Datos  =Mozilla/5.0 (X11; Linux x86_64) AppleWebKit/537.36 (KHTML, like Gecko) Chrome/73.0.3683.86 Safari/537.36 [] {"uid":"69026c5"}
[2019-06-13 15:54:29] UTN FRA LOGGER.INFO: ip =::1 [] {"uid":"69026c5"}
[2019-06-13 15:54:53] UTN FRA LOGGER.INFO: Datos  =Mozilla/5.0 (X11; Linux x86_64) AppleWebKit/537.36 (KHTML, like Gecko) Chrome/73.0.3683.86 Safari/537.36 [] {"uid":"7f80bac"}
[2019-06-13 15:54:53] UTN FRA LOGGER.INFO: ip =::1 [] {"uid":"7f80bac"}
[2019-06-13 16:14:20] UTN FRA LOGGER.INFO: Datos  =PostmanRuntime/7.1.1 [] {"uid":"f37f107"}
[2019-06-13 16:14:20] UTN FRA LOGGER.INFO: ip =::1 [] {"uid":"f37f107"}
[2019-06-13 16:14:25] UTN FRA LOGGER.INFO: Datos  =PostmanRuntime/7.1.1 [] {"uid":"f86c548"}
[2019-06-13 16:14:25] UTN FRA LOGGER.INFO: ip =::1 [] {"uid":"f86c548"}
[2019-06-13 16:16:52] UTN FRA LOGGER.INFO: Datos  =PostmanRuntime/7.1.1 [] {"uid":"cfce916"}
[2019-06-13 16:16:52] UTN FRA LOGGER.INFO: ip =::1 [] {"uid":"cfce916"}
[2019-06-13 16:16:56] UTN FRA LOGGER.INFO: Datos  =PostmanRuntime/7.1.1 [] {"uid":"24b074c"}
[2019-06-13 16:16:56] UTN FRA LOGGER.INFO: ip =::1 [] {"uid":"24b074c"}
[2019-06-13 16:17:07] UTN FRA LOGGER.INFO: Datos  =PostmanRuntime/7.1.1 [] {"uid":"fecc8fc"}
[2019-06-13 16:17:07] UTN FRA LOGGER.INFO: ip =::1 [] {"uid":"fecc8fc"}
[2019-06-13 16:19:09] UTN FRA LOGGER.INFO: Datos  =Mozilla/5.0 (X11; Linux x86_64) AppleWebKit/537.36 (KHTML, like Gecko) Chrome/73.0.3683.86 Safari/537.36 [] {"uid":"e2193d4"}
[2019-06-13 16:19:09] UTN FRA LOGGER.INFO: ip =::1 [] {"uid":"e2193d4"}
[2019-06-13 16:19:58] UTN FRA LOGGER.INFO: Datos  =Mozilla/5.0 (X11; Linux x86_64) AppleWebKit/537.36 (KHTML, like Gecko) Chrome/73.0.3683.86 Safari/537.36 [] {"uid":"d83d781"}
[2019-06-13 16:19:58] UTN FRA LOGGER.INFO: ip =::1 [] {"uid":"d83d781"}
[2019-06-13 16:20:00] UTN FRA LOGGER.INFO: Datos  =Mozilla/5.0 (X11; Linux x86_64) AppleWebKit/537.36 (KHTML, like Gecko) Chrome/73.0.3683.86 Safari/537.36 [] {"uid":"89e32cc"}
[2019-06-13 16:20:00] UTN FRA LOGGER.INFO: ip =::1 [] {"uid":"89e32cc"}
[2019-06-13 16:20:32] UTN FRA LOGGER.INFO: Datos  =Mozilla/5.0 (X11; Linux x86_64) AppleWebKit/537.36 (KHTML, like Gecko) Chrome/73.0.3683.86 Safari/537.36 [] {"uid":"434586f"}
[2019-06-13 16:20:32] UTN FRA LOGGER.INFO: ip =::1 [] {"uid":"434586f"}
[2019-06-13 16:20:40] UTN FRA LOGGER.INFO: Datos  =PostmanRuntime/7.1.1 [] {"uid":"87cac8e"}
[2019-06-13 16:20:40] UTN FRA LOGGER.INFO: ip =::1 [] {"uid":"87cac8e"}
[2019-11-25 22:46:23] UTN FRA LOGGER.INFO: Datos  =PostmanRuntime/7.17.1 [] {"uid":"e40381b"}
[2019-11-25 22:46:23] UTN FRA LOGGER.INFO: ip =::1 [] {"uid":"e40381b"}
[2019-11-25 22:47:12] UTN FRA LOGGER.INFO: Datos  =PostmanRuntime/7.17.1 [] {"uid":"631c507"}
[2019-11-25 22:47:12] UTN FRA LOGGER.INFO: ip =::1 [] {"uid":"631c507"}
[2019-11-25 22:47:40] UTN FRA LOGGER.INFO: Datos  =PostmanRuntime/7.17.1 [] {"uid":"01e3a7e"}
[2019-11-25 22:47:40] UTN FRA LOGGER.INFO: ip =::1 [] {"uid":"01e3a7e"}
[2019-11-25 22:48:04] UTN FRA LOGGER.INFO: Datos  =PostmanRuntime/7.17.1 [] {"uid":"8bf8c9a"}
[2019-11-25 22:48:04] UTN FRA LOGGER.INFO: ip =::1 [] {"uid":"8bf8c9a"}
[2019-11-25 22:48:40] UTN FRA LOGGER.INFO: Datos  =PostmanRuntime/7.17.1 [] {"uid":"ff8c878"}
[2019-11-25 22:48:40] UTN FRA LOGGER.INFO: ip =::1 [] {"uid":"ff8c878"}
[2019-11-25 22:49:18] UTN FRA LOGGER.INFO: Datos  =PostmanRuntime/7.17.1 [] {"uid":"6cf16e3"}
[2019-11-25 22:49:18] UTN FRA LOGGER.INFO: ip =::1 [] {"uid":"6cf16e3"}
[2019-11-25 22:50:01] UTN FRA LOGGER.INFO: Datos  =PostmanRuntime/7.17.1 [] {"uid":"d0ae71d"}
[2019-11-25 22:50:01] UTN FRA LOGGER.INFO: ip =::1 [] {"uid":"d0ae71d"}
[2019-11-25 22:50:20] UTN FRA LOGGER.INFO: Datos  =PostmanRuntime/7.17.1 [] {"uid":"78cdcad"}
[2019-11-25 22:50:20] UTN FRA LOGGER.INFO: ip =::1 [] {"uid":"78cdcad"}
[2019-11-25 22:50:46] UTN FRA LOGGER.INFO: Datos  =PostmanRuntime/7.17.1 [] {"uid":"f8a4269"}
[2019-11-25 22:50:46] UTN FRA LOGGER.INFO: ip =::1 [] {"uid":"f8a4269"}
[2019-11-25 22:52:06] UTN FRA LOGGER.INFO: Datos  =PostmanRuntime/7.17.1 [] {"uid":"618baa4"}
[2019-11-25 22:52:06] UTN FRA LOGGER.INFO: ip =::1 [] {"uid":"618baa4"}
[2019-11-25 22:52:55] UTN FRA LOGGER.INFO: Datos  =PostmanRuntime/7.17.1 [] {"uid":"4fa6cab"}
[2019-11-25 22:52:55] UTN FRA LOGGER.INFO: ip =::1 [] {"uid":"4fa6cab"}
[2019-11-25 22:53:40] UTN FRA LOGGER.INFO: Datos  =PostmanRuntime/7.17.1 [] {"uid":"b568787"}
[2019-11-25 22:53:40] UTN FRA LOGGER.INFO: ip =::1 [] {"uid":"b568787"}
[2019-11-25 22:55:11] UTN FRA LOGGER.INFO: Datos  =PostmanRuntime/7.17.1 [] {"uid":"fa7ca7b"}
[2019-11-25 22:55:11] UTN FRA LOGGER.INFO: ip =::1 [] {"uid":"fa7ca7b"}
[2019-11-25 22:56:20] UTN FRA LOGGER.INFO: Datos  =PostmanRuntime/7.17.1 [] {"uid":"7fe6dc9"}
[2019-11-25 22:56:20] UTN FRA LOGGER.INFO: ip =::1 [] {"uid":"7fe6dc9"}
[2019-11-25 23:00:05] UTN FRA LOGGER.INFO: Datos  =PostmanRuntime/7.17.1 [] {"uid":"d403b2f"}
[2019-11-25 23:00:05] UTN FRA LOGGER.INFO: ip =::1 [] {"uid":"d403b2f"}
[2019-11-25 23:00:21] UTN FRA LOGGER.INFO: Datos  =PostmanRuntime/7.17.1 [] {"uid":"1c5cc8e"}
[2019-11-25 23:00:21] UTN FRA LOGGER.INFO: ip =::1 [] {"uid":"1c5cc8e"}
[2019-11-25 23:01:52] UTN FRA LOGGER.INFO: Datos  =PostmanRuntime/7.17.1 [] {"uid":"e4ab1fd"}
[2019-11-25 23:01:52] UTN FRA LOGGER.INFO: ip =::1 [] {"uid":"e4ab1fd"}
[2019-11-25 23:02:11] UTN FRA LOGGER.INFO: Datos  =PostmanRuntime/7.17.1 [] {"uid":"fd75ed0"}
[2019-11-25 23:02:11] UTN FRA LOGGER.INFO: ip =::1 [] {"uid":"fd75ed0"}
[2019-11-25 23:02:58] UTN FRA LOGGER.INFO: Datos  =PostmanRuntime/7.17.1 [] {"uid":"e14f991"}
[2019-11-25 23:02:58] UTN FRA LOGGER.INFO: ip =::1 [] {"uid":"e14f991"}
[2019-11-25 23:03:39] UTN FRA LOGGER.INFO: Datos  =PostmanRuntime/7.17.1 [] {"uid":"6feaf67"}
[2019-11-25 23:03:39] UTN FRA LOGGER.INFO: ip =::1 [] {"uid":"6feaf67"}
[2019-11-25 23:08:46] UTN FRA LOGGER.INFO: Datos  =PostmanRuntime/7.17.1 [] {"uid":"7631281"}
[2019-11-25 23:08:46] UTN FRA LOGGER.INFO: ip =::1 [] {"uid":"7631281"}
[2019-11-25 23:09:22] UTN FRA LOGGER.INFO: Datos  =PostmanRuntime/7.17.1 [] {"uid":"3022502"}
[2019-11-25 23:09:22] UTN FRA LOGGER.INFO: ip =::1 [] {"uid":"3022502"}
[2019-11-25 23:10:41] UTN FRA LOGGER.INFO: Datos  =PostmanRuntime/7.17.1 [] {"uid":"05c8f9d"}
[2019-11-25 23:10:41] UTN FRA LOGGER.INFO: ip =::1 [] {"uid":"05c8f9d"}
[2019-11-25 23:11:06] UTN FRA LOGGER.INFO: Datos  =PostmanRuntime/7.17.1 [] {"uid":"b24dcc2"}
[2019-11-25 23:11:06] UTN FRA LOGGER.INFO: ip =::1 [] {"uid":"b24dcc2"}
[2019-11-25 23:11:58] UTN FRA LOGGER.INFO: Datos  =PostmanRuntime/7.17.1 [] {"uid":"710b032"}
[2019-11-25 23:11:58] UTN FRA LOGGER.INFO: ip =::1 [] {"uid":"710b032"}
[2019-11-25 23:12:04] UTN FRA LOGGER.INFO: Datos  =PostmanRuntime/7.17.1 [] {"uid":"d6b04bc"}
[2019-11-25 23:12:04] UTN FRA LOGGER.INFO: ip =::1 [] {"uid":"d6b04bc"}
[2019-11-25 23:12:32] UTN FRA LOGGER.INFO: Datos  =PostmanRuntime/7.17.1 [] {"uid":"d6a374c"}
[2019-11-25 23:12:32] UTN FRA LOGGER.INFO: ip =::1 [] {"uid":"d6a374c"}
[2019-11-25 23:12:47] UTN FRA LOGGER.INFO: Datos  =PostmanRuntime/7.17.1 [] {"uid":"392f06f"}
[2019-11-25 23:12:47] UTN FRA LOGGER.INFO: ip =::1 [] {"uid":"392f06f"}
[2019-11-25 23:14:32] UTN FRA LOGGER.INFO: Datos  =PostmanRuntime/7.17.1 [] {"uid":"f04273f"}
[2019-11-25 23:14:32] UTN FRA LOGGER.INFO: ip =::1 [] {"uid":"f04273f"}
[2019-11-25 23:14:44] UTN FRA LOGGER.INFO: Datos  =PostmanRuntime/7.17.1 [] {"uid":"862dc34"}
[2019-11-25 23:14:44] UTN FRA LOGGER.INFO: ip =::1 [] {"uid":"862dc34"}
[2019-11-25 23:15:57] UTN FRA LOGGER.INFO: Datos  =PostmanRuntime/7.17.1 [] {"uid":"39a0fb6"}
[2019-11-25 23:15:57] UTN FRA LOGGER.INFO: ip =::1 [] {"uid":"39a0fb6"}
[2019-11-25 23:15:59] UTN FRA LOGGER.INFO: Datos  =PostmanRuntime/7.17.1 [] {"uid":"71902e0"}
[2019-11-25 23:15:59] UTN FRA LOGGER.INFO: ip =::1 [] {"uid":"71902e0"}
[2019-11-25 23:16:40] UTN FRA LOGGER.INFO: Datos  =PostmanRuntime/7.17.1 [] {"uid":"33e8a34"}
[2019-11-25 23:16:40] UTN FRA LOGGER.INFO: ip =::1 [] {"uid":"33e8a34"}
[2019-11-25 23:17:01] UTN FRA LOGGER.INFO: Datos  =PostmanRuntime/7.17.1 [] {"uid":"e009d96"}
[2019-11-25 23:17:01] UTN FRA LOGGER.INFO: ip =::1 [] {"uid":"e009d96"}
[2019-11-25 23:23:25] UTN FRA LOGGER.INFO: Datos  =PostmanRuntime/7.17.1 [] {"uid":"7457891"}
[2019-11-25 23:23:25] UTN FRA LOGGER.INFO: ip =::1 [] {"uid":"7457891"}
[2019-11-25 23:23:30] UTN FRA LOGGER.INFO: Datos  =PostmanRuntime/7.17.1 [] {"uid":"bb7dd15"}
[2019-11-25 23:23:30] UTN FRA LOGGER.INFO: ip =::1 [] {"uid":"bb7dd15"}
[2019-11-25 23:24:34] UTN FRA LOGGER.INFO: Datos  =PostmanRuntime/7.17.1 [] {"uid":"9d0068c"}
[2019-11-25 23:24:34] UTN FRA LOGGER.INFO: ip =::1 [] {"uid":"9d0068c"}
[2019-11-25 23:24:57] UTN FRA LOGGER.INFO: Datos  =PostmanRuntime/7.17.1 [] {"uid":"9ee301d"}
[2019-11-25 23:24:57] UTN FRA LOGGER.INFO: ip =::1 [] {"uid":"9ee301d"}
[2019-11-25 23:25:01] UTN FRA LOGGER.INFO: Datos  =PostmanRuntime/7.17.1 [] {"uid":"34523d8"}
[2019-11-25 23:25:01] UTN FRA LOGGER.INFO: ip =::1 [] {"uid":"34523d8"}
[2019-11-25 23:25:09] UTN FRA LOGGER.INFO: Datos  =PostmanRuntime/7.17.1 [] {"uid":"b1177f4"}
[2019-11-25 23:25:09] UTN FRA LOGGER.INFO: ip =::1 [] {"uid":"b1177f4"}
[2019-11-25 23:33:27] UTN FRA LOGGER.INFO: Datos  =PostmanRuntime/7.17.1 [] {"uid":"8a16c8c"}
[2019-11-25 23:33:27] UTN FRA LOGGER.INFO: ip =::1 [] {"uid":"8a16c8c"}
[2019-11-25 23:33:34] UTN FRA LOGGER.INFO: Datos  =PostmanRuntime/7.17.1 [] {"uid":"3509002"}
[2019-11-25 23:33:34] UTN FRA LOGGER.INFO: ip =::1 [] {"uid":"3509002"}
[2019-11-25 23:33:44] UTN FRA LOGGER.INFO: Datos  =PostmanRuntime/7.17.1 [] {"uid":"1c98a16"}
[2019-11-25 23:33:44] UTN FRA LOGGER.INFO: ip =::1 [] {"uid":"1c98a16"}
[2019-11-25 23:33:56] UTN FRA LOGGER.INFO: Datos  =PostmanRuntime/7.17.1 [] {"uid":"f822f19"}
[2019-11-25 23:33:56] UTN FRA LOGGER.INFO: ip =::1 [] {"uid":"f822f19"}
[2019-11-25 23:34:43] UTN FRA LOGGER.INFO: Datos  =PostmanRuntime/7.17.1 [] {"uid":"3ec1143"}
[2019-11-25 23:34:43] UTN FRA LOGGER.INFO: ip =::1 [] {"uid":"3ec1143"}
[2019-11-25 23:39:03] UTN FRA LOGGER.INFO: Datos  =PostmanRuntime/7.17.1 [] {"uid":"25e1246"}
[2019-11-25 23:39:03] UTN FRA LOGGER.INFO: ip =::1 [] {"uid":"25e1246"}
[2019-11-25 23:39:34] UTN FRA LOGGER.INFO: Datos  =PostmanRuntime/7.17.1 [] {"uid":"0f405a6"}
[2019-11-25 23:39:34] UTN FRA LOGGER.INFO: ip =::1 [] {"uid":"0f405a6"}
[2019-11-25 23:40:02] UTN FRA LOGGER.INFO: Datos  =PostmanRuntime/7.17.1 [] {"uid":"6060292"}
[2019-11-25 23:40:02] UTN FRA LOGGER.INFO: ip =::1 [] {"uid":"6060292"}
[2019-11-25 23:41:31] UTN FRA LOGGER.INFO: Datos  =PostmanRuntime/7.17.1 [] {"uid":"1ee1b9b"}
[2019-11-25 23:41:31] UTN FRA LOGGER.INFO: ip =::1 [] {"uid":"1ee1b9b"}
[2019-11-25 23:41:51] UTN FRA LOGGER.INFO: Datos  =PostmanRuntime/7.17.1 [] {"uid":"f09a139"}
[2019-11-25 23:41:51] UTN FRA LOGGER.INFO: ip =::1 [] {"uid":"f09a139"}
[2019-11-25 23:42:28] UTN FRA LOGGER.INFO: Datos  =PostmanRuntime/7.17.1 [] {"uid":"23f49ab"}
[2019-11-25 23:42:28] UTN FRA LOGGER.INFO: ip =::1 [] {"uid":"23f49ab"}
[2019-11-25 23:42:32] UTN FRA LOGGER.INFO: Datos  =PostmanRuntime/7.17.1 [] {"uid":"ed567d9"}
[2019-11-25 23:42:32] UTN FRA LOGGER.INFO: ip =::1 [] {"uid":"ed567d9"}
[2019-11-25 23:44:07] UTN FRA LOGGER.INFO: Datos  =PostmanRuntime/7.17.1 [] {"uid":"9b85bf2"}
[2019-11-25 23:44:07] UTN FRA LOGGER.INFO: ip =::1 [] {"uid":"9b85bf2"}
[2019-11-25 23:47:09] UTN FRA LOGGER.INFO: Datos  =PostmanRuntime/7.17.1 [] {"uid":"e19eebf"}
[2019-11-25 23:47:09] UTN FRA LOGGER.INFO: ip =::1 [] {"uid":"e19eebf"}
[2019-11-25 23:47:23] UTN FRA LOGGER.INFO: Datos  =PostmanRuntime/7.17.1 [] {"uid":"9aa532e"}
[2019-11-25 23:47:23] UTN FRA LOGGER.INFO: ip =::1 [] {"uid":"9aa532e"}
[2019-11-25 23:47:29] UTN FRA LOGGER.INFO: Datos  =PostmanRuntime/7.17.1 [] {"uid":"46dcf38"}
[2019-11-25 23:47:29] UTN FRA LOGGER.INFO: ip =::1 [] {"uid":"46dcf38"}
[2019-11-25 23:48:53] UTN FRA LOGGER.INFO: Datos  =PostmanRuntime/7.17.1 [] {"uid":"4dc0bfa"}
[2019-11-25 23:48:53] UTN FRA LOGGER.INFO: ip =::1 [] {"uid":"4dc0bfa"}
[2019-11-25 23:49:40] UTN FRA LOGGER.INFO: Datos  =PostmanRuntime/7.17.1 [] {"uid":"e66a491"}
[2019-11-25 23:49:40] UTN FRA LOGGER.INFO: ip =::1 [] {"uid":"e66a491"}
[2019-11-25 23:49:49] UTN FRA LOGGER.INFO: Datos  =PostmanRuntime/7.17.1 [] {"uid":"8344c2d"}
[2019-11-25 23:49:49] UTN FRA LOGGER.INFO: ip =::1 [] {"uid":"8344c2d"}
[2019-11-25 23:49:52] UTN FRA LOGGER.INFO: Datos  =PostmanRuntime/7.17.1 [] {"uid":"c2d796f"}
[2019-11-25 23:49:52] UTN FRA LOGGER.INFO: ip =::1 [] {"uid":"c2d796f"}
[2019-11-25 23:49:56] UTN FRA LOGGER.INFO: Datos  =PostmanRuntime/7.17.1 [] {"uid":"65c1275"}
[2019-11-25 23:49:56] UTN FRA LOGGER.INFO: ip =::1 [] {"uid":"65c1275"}
[2019-11-25 23:49:58] UTN FRA LOGGER.INFO: Datos  =PostmanRuntime/7.17.1 [] {"uid":"e0aaec9"}
[2019-11-25 23:49:58] UTN FRA LOGGER.INFO: ip =::1 [] {"uid":"e0aaec9"}
[2019-11-25 23:52:04] UTN FRA LOGGER.INFO: Datos  =PostmanRuntime/7.17.1 [] {"uid":"2f482ee"}
[2019-11-25 23:52:04] UTN FRA LOGGER.INFO: ip =::1 [] {"uid":"2f482ee"}
[2019-11-25 23:52:12] UTN FRA LOGGER.INFO: Datos  =PostmanRuntime/7.17.1 [] {"uid":"928164a"}
[2019-11-25 23:52:12] UTN FRA LOGGER.INFO: ip =::1 [] {"uid":"928164a"}
[2019-11-25 23:52:16] UTN FRA LOGGER.INFO: Datos  =PostmanRuntime/7.17.1 [] {"uid":"cab7b66"}
[2019-11-25 23:52:16] UTN FRA LOGGER.INFO: ip =::1 [] {"uid":"cab7b66"}
[2019-11-25 23:53:44] UTN FRA LOGGER.INFO: Datos  =PostmanRuntime/7.17.1 [] {"uid":"5862710"}
[2019-11-25 23:53:44] UTN FRA LOGGER.INFO: ip =::1 [] {"uid":"5862710"}
[2019-11-25 23:54:42] UTN FRA LOGGER.INFO: Datos  =PostmanRuntime/7.17.1 [] {"uid":"6d34808"}
[2019-11-25 23:54:42] UTN FRA LOGGER.INFO: ip =::1 [] {"uid":"6d34808"}
[2019-11-25 23:54:51] UTN FRA LOGGER.INFO: Datos  =PostmanRuntime/7.17.1 [] {"uid":"537d684"}
[2019-11-25 23:54:51] UTN FRA LOGGER.INFO: ip =::1 [] {"uid":"537d684"}
[2019-11-25 23:54:55] UTN FRA LOGGER.INFO: Datos  =PostmanRuntime/7.17.1 [] {"uid":"b3595a7"}
[2019-11-25 23:54:55] UTN FRA LOGGER.INFO: ip =::1 [] {"uid":"b3595a7"}
[2019-11-25 23:55:01] UTN FRA LOGGER.INFO: Datos  =PostmanRuntime/7.17.1 [] {"uid":"055f355"}
[2019-11-25 23:55:01] UTN FRA LOGGER.INFO: ip =::1 [] {"uid":"055f355"}
[2019-11-25 23:55:13] UTN FRA LOGGER.INFO: Datos  =PostmanRuntime/7.17.1 [] {"uid":"f20d55f"}
[2019-11-25 23:55:13] UTN FRA LOGGER.INFO: ip =::1 [] {"uid":"f20d55f"}
[2019-11-25 23:55:17] UTN FRA LOGGER.INFO: Datos  =PostmanRuntime/7.17.1 [] {"uid":"1c092b8"}
[2019-11-25 23:55:17] UTN FRA LOGGER.INFO: ip =::1 [] {"uid":"1c092b8"}
[2019-11-26 00:01:30] UTN FRA LOGGER.INFO: Datos  =PostmanRuntime/7.17.1 [] {"uid":"a19c0d5"}
[2019-11-26 00:01:30] UTN FRA LOGGER.INFO: ip =::1 [] {"uid":"a19c0d5"}
[2019-11-26 00:01:39] UTN FRA LOGGER.INFO: Datos  =PostmanRuntime/7.17.1 [] {"uid":"62e9282"}
[2019-11-26 00:01:39] UTN FRA LOGGER.INFO: ip =::1 [] {"uid":"62e9282"}
[2019-11-26 00:01:56] UTN FRA LOGGER.INFO: Datos  =PostmanRuntime/7.17.1 [] {"uid":"14952cd"}
[2019-11-26 00:01:56] UTN FRA LOGGER.INFO: ip =::1 [] {"uid":"14952cd"}
[2019-11-26 00:02:08] UTN FRA LOGGER.INFO: Datos  =PostmanRuntime/7.17.1 [] {"uid":"bf18ab8"}
[2019-11-26 00:02:08] UTN FRA LOGGER.INFO: ip =::1 [] {"uid":"bf18ab8"}
[2019-11-26 00:02:21] UTN FRA LOGGER.INFO: Datos  =PostmanRuntime/7.17.1 [] {"uid":"aaf680c"}
[2019-11-26 00:02:21] UTN FRA LOGGER.INFO: ip =::1 [] {"uid":"aaf680c"}
[2019-11-26 00:02:36] UTN FRA LOGGER.INFO: Datos  =PostmanRuntime/7.17.1 [] {"uid":"60bb38d"}
[2019-11-26 00:02:36] UTN FRA LOGGER.INFO: ip =::1 [] {"uid":"60bb38d"}
[2019-11-26 00:05:50] UTN FRA LOGGER.INFO: Datos  =PostmanRuntime/7.17.1 [] {"uid":"c1a1f6e"}
[2019-11-26 00:05:50] UTN FRA LOGGER.INFO: ip =::1 [] {"uid":"c1a1f6e"}
[2019-11-26 00:06:12] UTN FRA LOGGER.INFO: Datos  =PostmanRuntime/7.17.1 [] {"uid":"c1a47b3"}
[2019-11-26 00:06:12] UTN FRA LOGGER.INFO: ip =::1 [] {"uid":"c1a47b3"}
[2019-11-26 00:06:26] UTN FRA LOGGER.INFO: Datos  =PostmanRuntime/7.17.1 [] {"uid":"42857f1"}
[2019-11-26 00:06:26] UTN FRA LOGGER.INFO: ip =::1 [] {"uid":"42857f1"}
[2019-11-26 00:06:32] UTN FRA LOGGER.INFO: Datos  =PostmanRuntime/7.17.1 [] {"uid":"3aab0aa"}
[2019-11-26 00:06:32] UTN FRA LOGGER.INFO: ip =::1 [] {"uid":"3aab0aa"}
[2019-11-26 00:06:33] UTN FRA LOGGER.INFO: Datos  =PostmanRuntime/7.17.1 [] {"uid":"53fb7d7"}
[2019-11-26 00:06:33] UTN FRA LOGGER.INFO: ip =::1 [] {"uid":"53fb7d7"}
[2019-11-26 00:06:44] UTN FRA LOGGER.INFO: Datos  =PostmanRuntime/7.17.1 [] {"uid":"9016ca9"}
[2019-11-26 00:06:44] UTN FRA LOGGER.INFO: ip =::1 [] {"uid":"9016ca9"}
[2019-11-26 00:08:03] UTN FRA LOGGER.INFO: Datos  =PostmanRuntime/7.17.1 [] {"uid":"8780d82"}
[2019-11-26 00:08:03] UTN FRA LOGGER.INFO: ip =::1 [] {"uid":"8780d82"}
[2019-11-26 00:08:41] UTN FRA LOGGER.INFO: Datos  =PostmanRuntime/7.17.1 [] {"uid":"1c08358"}
[2019-11-26 00:08:41] UTN FRA LOGGER.INFO: ip =::1 [] {"uid":"1c08358"}
[2019-11-26 00:09:27] UTN FRA LOGGER.INFO: Datos  =PostmanRuntime/7.17.1 [] {"uid":"26e12e1"}
[2019-11-26 00:09:27] UTN FRA LOGGER.INFO: ip =::1 [] {"uid":"26e12e1"}
[2019-11-26 00:10:07] UTN FRA LOGGER.INFO: Datos  =PostmanRuntime/7.17.1 [] {"uid":"8553188"}
[2019-11-26 00:10:07] UTN FRA LOGGER.INFO: ip =::1 [] {"uid":"8553188"}
[2019-11-26 00:10:42] UTN FRA LOGGER.INFO: Datos  =PostmanRuntime/7.17.1 [] {"uid":"fe82871"}
[2019-11-26 00:10:42] UTN FRA LOGGER.INFO: ip =::1 [] {"uid":"fe82871"}
[2019-11-26 00:16:48] UTN FRA LOGGER.INFO: Datos  =PostmanRuntime/7.17.1 [] {"uid":"ee2d7eb"}
[2019-11-26 00:16:48] UTN FRA LOGGER.INFO: ip =::1 [] {"uid":"ee2d7eb"}
[2019-11-26 00:17:07] UTN FRA LOGGER.INFO: Datos  =PostmanRuntime/7.17.1 [] {"uid":"6f2880c"}
[2019-11-26 00:17:07] UTN FRA LOGGER.INFO: ip =::1 [] {"uid":"6f2880c"}
[2019-11-26 00:17:31] UTN FRA LOGGER.INFO: Datos  =PostmanRuntime/7.17.1 [] {"uid":"795d3d1"}
[2019-11-26 00:17:31] UTN FRA LOGGER.INFO: ip =::1 [] {"uid":"795d3d1"}
[2019-11-26 00:18:59] UTN FRA LOGGER.INFO: Datos  =PostmanRuntime/7.17.1 [] {"uid":"a0afd9c"}
[2019-11-26 00:18:59] UTN FRA LOGGER.INFO: ip =::1 [] {"uid":"a0afd9c"}
[2019-11-26 00:19:21] UTN FRA LOGGER.INFO: Datos  =PostmanRuntime/7.17.1 [] {"uid":"f7ee28c"}
[2019-11-26 00:19:21] UTN FRA LOGGER.INFO: ip =::1 [] {"uid":"f7ee28c"}
[2019-11-26 00:20:59] UTN FRA LOGGER.INFO: Datos  =PostmanRuntime/7.17.1 [] {"uid":"1b27822"}
[2019-11-26 00:20:59] UTN FRA LOGGER.INFO: ip =::1 [] {"uid":"1b27822"}
[2019-11-26 00:22:20] UTN FRA LOGGER.INFO: Datos  =PostmanRuntime/7.17.1 [] {"uid":"f6f7206"}
[2019-11-26 00:22:20] UTN FRA LOGGER.INFO: ip =::1 [] {"uid":"f6f7206"}
[2019-11-26 00:23:07] UTN FRA LOGGER.INFO: Datos  =PostmanRuntime/7.17.1 [] {"uid":"61c5e61"}
[2019-11-26 00:23:07] UTN FRA LOGGER.INFO: ip =::1 [] {"uid":"61c5e61"}
[2019-11-26 00:23:23] UTN FRA LOGGER.INFO: Datos  =PostmanRuntime/7.17.1 [] {"uid":"41abfb7"}
[2019-11-26 00:23:23] UTN FRA LOGGER.INFO: ip =::1 [] {"uid":"41abfb7"}
[2019-11-26 00:23:31] UTN FRA LOGGER.INFO: Datos  =PostmanRuntime/7.17.1 [] {"uid":"2085621"}
[2019-11-26 00:23:31] UTN FRA LOGGER.INFO: ip =::1 [] {"uid":"2085621"}
[2019-11-26 00:25:11] UTN FRA LOGGER.INFO: Datos  =PostmanRuntime/7.17.1 [] {"uid":"842251e"}
[2019-11-26 00:25:11] UTN FRA LOGGER.INFO: ip =::1 [] {"uid":"842251e"}
[2019-11-26 00:25:13] UTN FRA LOGGER.INFO: Datos  =PostmanRuntime/7.17.1 [] {"uid":"b58fa08"}
[2019-11-26 00:25:13] UTN FRA LOGGER.INFO: ip =::1 [] {"uid":"b58fa08"}
[2019-11-26 00:25:14] UTN FRA LOGGER.INFO: Datos  =PostmanRuntime/7.17.1 [] {"uid":"6a00d97"}
[2019-11-26 00:25:14] UTN FRA LOGGER.INFO: ip =::1 [] {"uid":"6a00d97"}
[2019-11-26 00:25:45] UTN FRA LOGGER.INFO: Datos  =PostmanRuntime/7.17.1 [] {"uid":"98ec3f7"}
[2019-11-26 00:25:45] UTN FRA LOGGER.INFO: ip =::1 [] {"uid":"98ec3f7"}
[2019-11-26 00:25:50] UTN FRA LOGGER.INFO: Datos  =PostmanRuntime/7.17.1 [] {"uid":"3edbcec"}
[2019-11-26 00:25:50] UTN FRA LOGGER.INFO: ip =::1 [] {"uid":"3edbcec"}
[2019-11-26 00:27:49] UTN FRA LOGGER.INFO: Datos  =PostmanRuntime/7.17.1 [] {"uid":"e0ebe4f"}
[2019-11-26 00:27:49] UTN FRA LOGGER.INFO: ip =::1 [] {"uid":"e0ebe4f"}
[2019-11-26 00:29:18] UTN FRA LOGGER.INFO: Datos  =PostmanRuntime/7.17.1 [] {"uid":"ba3f27a"}
[2019-11-26 00:29:18] UTN FRA LOGGER.INFO: ip =::1 [] {"uid":"ba3f27a"}
[2019-11-26 00:30:27] UTN FRA LOGGER.INFO: Datos  =PostmanRuntime/7.17.1 [] {"uid":"a2a5859"}
[2019-11-26 00:30:27] UTN FRA LOGGER.INFO: ip =::1 [] {"uid":"a2a5859"}
[2019-11-26 00:30:38] UTN FRA LOGGER.INFO: Datos  =PostmanRuntime/7.17.1 [] {"uid":"1ea2693"}
[2019-11-26 00:30:38] UTN FRA LOGGER.INFO: ip =::1 [] {"uid":"1ea2693"}
[2019-11-26 00:31:31] UTN FRA LOGGER.INFO: Datos  =PostmanRuntime/7.17.1 [] {"uid":"28ee1cc"}
[2019-11-26 00:31:31] UTN FRA LOGGER.INFO: ip =::1 [] {"uid":"28ee1cc"}
[2019-11-26 00:31:43] UTN FRA LOGGER.INFO: Datos  =PostmanRuntime/7.17.1 [] {"uid":"b8f9679"}
[2019-11-26 00:31:43] UTN FRA LOGGER.INFO: ip =::1 [] {"uid":"b8f9679"}
[2019-11-26 00:32:14] UTN FRA LOGGER.INFO: Datos  =PostmanRuntime/7.17.1 [] {"uid":"51ccb2f"}
[2019-11-26 00:32:14] UTN FRA LOGGER.INFO: ip =::1 [] {"uid":"51ccb2f"}
[2019-11-26 00:32:28] UTN FRA LOGGER.INFO: Datos  =PostmanRuntime/7.17.1 [] {"uid":"287da55"}
[2019-11-26 00:32:28] UTN FRA LOGGER.INFO: ip =::1 [] {"uid":"287da55"}
[2019-11-26 00:32:50] UTN FRA LOGGER.INFO: Datos  =PostmanRuntime/7.17.1 [] {"uid":"724153f"}
[2019-11-26 00:32:50] UTN FRA LOGGER.INFO: ip =::1 [] {"uid":"724153f"}
[2019-11-26 00:34:00] UTN FRA LOGGER.INFO: Datos  =PostmanRuntime/7.17.1 [] {"uid":"3d665a1"}
[2019-11-26 00:34:00] UTN FRA LOGGER.INFO: ip =::1 [] {"uid":"3d665a1"}
[2019-11-26 00:44:01] UTN FRA LOGGER.INFO: Datos  =PostmanRuntime/7.17.1 [] {"uid":"e527eb2"}
[2019-11-26 00:44:01] UTN FRA LOGGER.INFO: ip =::1 [] {"uid":"e527eb2"}
[2019-11-26 00:44:17] UTN FRA LOGGER.INFO: Datos  =PostmanRuntime/7.17.1 [] {"uid":"c695e2e"}
[2019-11-26 00:44:17] UTN FRA LOGGER.INFO: ip =::1 [] {"uid":"c695e2e"}
