
[2019-06-13 14:22:41] UTN FRA LOGGER.INFO: metodo=GET, URI=http%3A%2F%2Flocalhost%2FFull-API-REST-Skeleton%2Fpublic, RUTA=cd, autoridad=localhost [] {"uid":"cbdaafa"}
[2019-06-13 14:22:41] UTN FRA LOGGER.INFO: Slim-Skeleton '/' route [] {"uid":"cbdaafa"}
[2019-06-13 14:23:14] UTN FRA LOGGER.INFO: metodo=GET, URI=http%3A%2F%2Flocalhost%2FFull-API-REST-Skeleton%2Fpublic, RUTA=cd, autoridad=localhost [] {"uid":"51c39c8"}
[2019-06-13 14:23:14] UTN FRA LOGGER.INFO: Slim-Skeleton '/' route [] {"uid":"51c39c8"}
[2019-06-13 14:31:21] UTN FRA LOGGER.INFO: metodo=GET, URI=http%3A%2F%2Flocalhost%2FFull-API-REST-Skeleton%2Fpublic, RUTA=cd, autoridad=localhost [] {"uid":"8c0519b"}
[2019-06-13 14:31:21] UTN FRA LOGGER.INFO: Slim-Skeleton '/' route [] {"uid":"8c0519b"}
[2019-06-13 14:33:01] UTN FRA LOGGER.INFO: metodo=POST, URI=http%3A%2F%2Flocalhost%2FFull-API-REST-Skeleton%2Fpublic, RUTA=cd, autoridad=localhost [] {"uid":"0b2cd96"}
[2019-06-13 14:33:04] UTN FRA LOGGER.INFO: metodo=POST, URI=http%3A%2F%2Flocalhost%2FFull-API-REST-Skeleton%2Fpublic, RUTA=cd%2F, autoridad=localhost [] {"uid":"c6b9506"}
[2019-06-13 14:33:08] UTN FRA LOGGER.INFO: metodo=POST, URI=http%3A%2F%2Flocalhost%2FFull-API-REST-Skeleton%2Fpublic, RUTA=cd, autoridad=localhost [] {"uid":"be6a201"}
[2019-06-13 14:33:14] UTN FRA LOGGER.INFO: metodo=GET, URI=http%3A%2F%2Flocalhost%2FFull-API-REST-Skeleton%2Fpublic, RUTA=cd, autoridad=localhost [] {"uid":"c72b911"}
[2019-06-13 14:33:14] UTN FRA LOGGER.INFO: Slim-Skeleton '/' route [] {"uid":"c72b911"}
[2019-06-13 14:41:27] UTN FRA LOGGER.INFO: metodo=GET, URI=http%3A%2F%2Flocalhost%2FFull-API-REST-Skeleton%2Fpublic, RUTA=cd, autoridad=localhost [] {"uid":"a176d8c"}
[2019-06-13 14:41:27] UTN FRA LOGGER.INFO: Slim-Skeleton '/' route [] {"uid":"a176d8c"}
[2019-06-13 14:46:20] UTN FRA LOGGER.INFO: metodo=GET, URI=http%3A%2F%2Flocalhost%2FFull-API-REST-Skeleton%2Fpublic, RUTA=cd, autoridad=localhost [] {"uid":"ee35737"}
[2019-06-13 14:46:20] UTN FRA LOGGER.INFO: Slim-Skeleton '/' route [] {"uid":"ee35737"}
[2019-06-13 14:48:37] UTN FRA LOGGER.INFO: metodo=GET, URI=http%3A%2F%2Flocalhost%2FFull-API-REST-Skeleton%2Fpublic, RUTA=cd, autoridad=localhost [] {"uid":"abec998"}
[2019-06-13 14:48:37] UTN FRA LOGGER.INFO: Slim-Skeleton '/' route [] {"uid":"abec998"}
[2019-06-13 14:48:52] UTN FRA LOGGER.INFO: metodo=GET, URI=http%3A%2F%2Flocalhost%2FFull-API-REST-Skeleton%2Fpublic, RUTA=cd, autoridad=localhost [] {"uid":"8673393"}
[2019-06-13 14:48:52] UTN FRA LOGGER.INFO: Slim-Skeleton '/' route [] {"uid":"8673393"}
[2019-06-13 14:48:59] UTN FRA LOGGER.INFO: metodo=GET, URI=http%3A%2F%2Flocalhost%2FFull-API-REST-Skeleton%2Fpublic, RUTA=%2F, autoridad=localhost [] {"uid":"4ea4dca"}
[2019-06-13 14:48:59] UTN FRA LOGGER.INFO: Slim-Skeleton '/' route [] {"uid":"4ea4dca"}
[2019-06-13 14:50:13] UTN FRA LOGGER.INFO: metodo=GET, URI=http%3A%2F%2Flocalhost%2FFull-API-REST-Skeleton%2Fpublic, RUTA=cd, autoridad=localhost [] {"uid":"7226ecc"}
[2019-06-13 14:50:13] UTN FRA LOGGER.INFO: Slim-Skeleton '/' route [] {"uid":"7226ecc"}
[2019-06-13 14:51:49] UTN FRA LOGGER.INFO: metodo=GET, URI=http%3A%2F%2Flocalhost%2FFull-API-REST-Skeleton%2Fpublic, RUTA=cd, autoridad=localhost [] {"uid":"436b3d9"}
[2019-06-13 14:51:49] UTN FRA LOGGER.INFO: Slim-Skeleton '/' route [] {"uid":"436b3d9"}
[2019-06-13 14:52:04] UTN FRA LOGGER.INFO: metodo=GET, URI=http%3A%2F%2Flocalhost%2FFull-API-REST-Skeleton%2Fpublic, RUTA=cdsadsad, autoridad=localhost [] {"uid":"1d5953a"}
[2019-06-13 14:52:04] UTN FRA LOGGER.INFO: Slim-Skeleton '/' route [] {"uid":"1d5953a"}
[2019-06-13 14:52:24] UTN FRA LOGGER.INFO: metodo=GET, URI=http%3A%2F%2Flocalhost%2FFull-API-REST-Skeleton%2Fpublic, RUTA=cdsadsad, autoridad=localhost [] {"uid":"e59d193"}
[2019-06-13 14:52:24] UTN FRA LOGGER.INFO: Slim-Skeleton '/' route [] {"uid":"e59d193"}
[2019-06-13 14:52:34] UTN FRA LOGGER.INFO: metodo=GET, URI=http%3A%2F%2Flocalhost%2FFull-API-REST-Skeleton%2Fpublic, RUTA=cddasasd, autoridad=localhost [] {"uid":"04a9747"}
[2019-06-13 14:52:34] UTN FRA LOGGER.INFO: Slim-Skeleton '/' route [] {"uid":"04a9747"}
[2019-06-13 14:54:41] UTN FRA LOGGER.INFO: metodo=GET, URI=http%3A%2F%2Flocalhost%2FFull-API-REST-Skeleton%2Fpublic, RUTA=cd, autoridad=localhost [] {"uid":"f107aba"}
[2019-06-13 14:54:41] UTN FRA LOGGER.INFO: Slim-Skeleton '/' route [] {"uid":"f107aba"}
[2019-06-13 15:40:36] UTN FRA LOGGER.INFO: metodo=GET, URI=http%3A%2F%2Flocalhost%2FFull-API-REST-Skeleton%2Fpublic, RUTA=cd, autoridad=localhost [] {"uid":"ef8c25a"}
[2019-06-13 15:40:36] UTN FRA LOGGER.INFO: Slim-Skeleton '/' route [] {"uid":"ef8c25a"}
[2019-06-13 15:40:42] UTN FRA LOGGER.INFO: metodo=GET, URI=http%3A%2F%2Flocalhost%2FFull-API-REST-Skeleton%2Fpublic, RUTA=JWT%2F, autoridad=localhost [] {"uid":"357fab5"}
[2019-06-13 15:41:29] UTN FRA LOGGER.INFO: metodo=GET, URI=http%3A%2F%2Flocalhost%2FFull-API-REST-Skeleton%2Fpublic, RUTA=JWT%2F, autoridad=localhost [] {"uid":"3f334b7"}
[2019-06-13 15:42:30] UTN FRA LOGGER.INFO: metodo=GET, URI=http%3A%2F%2Flocalhost%2FFull-API-REST-Skeleton%2Fpublic, RUTA=JWT%2F, autoridad=localhost [] {"uid":"f77f1dc"}
[2019-06-13 15:45:52] UTN FRA LOGGER.INFO: metodo=GET, URI=http%3A%2F%2Flocalhost%2FFull-API-REST-Skeleton%2Fpublic, RUTA=JWT%2F, autoridad=localhost [] {"uid":"ebede7d"}
[2019-06-13 15:46:48] UTN FRA LOGGER.INFO: metodo=GET, URI=http%3A%2F%2Flocalhost%2FFull-API-REST-Skeleton%2Fpublic, RUTA=JWT%2F, autoridad=localhost [] {"uid":"0ecbf97"}
[2019-06-13 15:46:49] UTN FRA LOGGER.INFO: metodo=GET, URI=http%3A%2F%2Flocalhost%2FFull-API-REST-Skeleton%2Fpublic, RUTA=JWT%2F, autoridad=localhost [] {"uid":"282c134"}
[2019-06-13 15:46:50] UTN FRA LOGGER.INFO: metodo=GET, URI=http%3A%2F%2Flocalhost%2FFull-API-REST-Skeleton%2Fpublic, RUTA=JWT%2F, autoridad=localhost [] {"uid":"3c95600"}
[2019-06-13 15:47:05] UTN FRA LOGGER.INFO: metodo=GET, URI=http%3A%2F%2Flocalhost%2FFull-API-REST-Skeleton%2Fpublic, RUTA=JWT%2F, autoridad=localhost [] {"uid":"c621b16"}
[2019-06-13 15:47:10] UTN FRA LOGGER.INFO: metodo=GET, URI=http%3A%2F%2Flocalhost%2FFull-API-REST-Skeleton%2Fpublic, RUTA=cd, autoridad=localhost [] {"uid":"bf6f035"}
[2019-06-13 15:47:10] UTN FRA LOGGER.INFO: Slim-Skeleton '/' route [] {"uid":"bf6f035"}
[2019-06-13 15:47:16] UTN FRA LOGGER.INFO: metodo=GET, URI=http%3A%2F%2Flocalhost%2FFull-API-REST-Skeleton%2Fpublic, RUTA=JWT%2F, autoridad=localhost [] {"uid":"cfac656"}
[2019-06-13 15:47:52] UTN FRA LOGGER.INFO: metodo=GET, URI=http%3A%2F%2Flocalhost%2FFull-API-REST-Skeleton%2Fpublic, RUTA=JWT%2F, autoridad=localhost [] {"uid":"e14969e"}
[2019-06-13 15:47:55] UTN FRA LOGGER.INFO: metodo=GET, URI=http%3A%2F%2Flocalhost%2FFull-API-REST-Skeleton%2Fpublic, RUTA=JWT, autoridad=localhost [] {"uid":"6b74752"}
[2019-06-13 15:47:55] UTN FRA LOGGER.INFO: Slim-Skeleton '/' route [] {"uid":"6b74752"}
[2019-06-13 15:48:12] UTN FRA LOGGER.INFO: metodo=GET, URI=http%3A%2F%2Flocalhost%2FFull-API-REST-Skeleton%2Fpublic, RUTA=JWT%2FcrearToken, autoridad=localhost [] {"uid":"4d4a878"}
[2019-06-13 15:48:15] UTN FRA LOGGER.INFO: metodo=GET, URI=http%3A%2F%2Flocalhost%2FFull-API-REST-Skeleton%2Fpublic, RUTA=JWT%2FcrearToken%2F, autoridad=localhost [] {"uid":"85c7bd2"}
[2019-06-13 15:50:55] UTN FRA LOGGER.INFO: metodo=GET, URI=http%3A%2F%2Flocalhost%2FFull-API-REST-Skeleton%2Fpublic, RUTA=JWT%2F, autoridad=localhost [] {"uid":"809f0d9"}
[2019-06-13 15:51:28] UTN FRA LOGGER.INFO: metodo=GET, URI=http%3A%2F%2Flocalhost%2FFull-API-REST-Skeleton%2Fpublic, RUTA=JWT%2FdevolverPayLoad, autoridad=localhost [] {"uid":"c4c1acb"}
[2019-06-13 15:51:33] UTN FRA LOGGER.INFO: metodo=GET, URI=http%3A%2F%2Flocalhost%2FFull-API-REST-Skeleton%2Fpublic, RUTA=JWT%2FdevolverPayLoad%2F, autoridad=localhost [] {"uid":"b2bb375"}
[2019-06-13 15:53:23] UTN FRA LOGGER.INFO: metodo=GET, URI=http%3A%2F%2Flocalhost%2FFull-API-REST-Skeleton%2Fpublic, RUTA=JWT%2FdevolverPayLoad%2F, autoridad=localhost [] {"uid":"4be0464"}
[2019-06-13 15:53:26] UTN FRA LOGGER.INFO: metodo=GET, URI=http%3A%2F%2Flocalhost%2FFull-API-REST-Skeleton%2Fpublic, RUTA=JWT%2FdevolverPayLoad%2F, autoridad=localhost [] {"uid":"d345f1e"}
[2019-06-13 15:54:00] UTN FRA LOGGER.INFO: metodo=GET, URI=http%3A%2F%2Flocalhost%2FFull-API-REST-Skeleton%2Fpublic, RUTA=JWT%2FdevolverPayLoad%2F, autoridad=localhost [] {"uid":"914db4e"}
[2019-06-13 15:54:01] UTN FRA LOGGER.INFO: metodo=GET, URI=http%3A%2F%2Flocalhost%2FFull-API-REST-Skeleton%2Fpublic, RUTA=JWT%2FdevolverPayLoad%2F, autoridad=localhost [] {"uid":"d8926fc"}
[2019-06-13 15:54:01] UTN FRA LOGGER.INFO: metodo=GET, URI=http%3A%2F%2Flocalhost%2FFull-API-REST-Skeleton%2Fpublic, RUTA=JWT%2FdevolverPayLoad%2F, autoridad=localhost [] {"uid":"e6913b2"}
[2019-06-13 15:54:01] UTN FRA LOGGER.INFO: metodo=GET, URI=http%3A%2F%2Flocalhost%2FFull-API-REST-Skeleton%2Fpublic, RUTA=JWT%2FdevolverPayLoad%2F, autoridad=localhost [] {"uid":"eb07b32"}
[2019-06-13 15:54:01] UTN FRA LOGGER.INFO: metodo=GET, URI=http%3A%2F%2Flocalhost%2FFull-API-REST-Skeleton%2Fpublic, RUTA=JWT%2FdevolverPayLoad%2F, autoridad=localhost [] {"uid":"5283686"}
[2019-06-13 15:54:02] UTN FRA LOGGER.INFO: metodo=GET, URI=http%3A%2F%2Flocalhost%2FFull-API-REST-Skeleton%2Fpublic, RUTA=JWT%2FdevolverPayLoad%2F, autoridad=localhost [] {"uid":"14a954e"}
[2019-06-13 15:54:02] UTN FRA LOGGER.INFO: metodo=GET, URI=http%3A%2F%2Flocalhost%2FFull-API-REST-Skeleton%2Fpublic, RUTA=JWT%2FdevolverPayLoad%2F, autoridad=localhost [] {"uid":"904e4eb"}
[2019-06-13 15:54:29] UTN FRA LOGGER.INFO: metodo=GET, URI=http%3A%2F%2Flocalhost%2FFull-API-REST-Skeleton%2Fpublic, RUTA=JWT%2FdevolverPayLoad%2F, autoridad=localhost [] {"uid":"6aa5ecf"}
[2019-06-13 15:54:53] UTN FRA LOGGER.INFO: metodo=GET, URI=http%3A%2F%2Flocalhost%2FFull-API-REST-Skeleton%2Fpublic, RUTA=JWT%2FdevolverPayLoad%2F, autoridad=localhost [] {"uid":"8a18527"}
[2019-06-13 16:14:20] UTN FRA LOGGER.INFO: metodo=GET, URI=http%3A%2F%2Flocalhost%2FFull-API-REST-Skeleton%2Fpublic, RUTA=JWT%2F, autoridad=localhost [] {"uid":"55a4605"}
[2019-06-13 16:14:25] UTN FRA LOGGER.INFO: metodo=POST, URI=http%3A%2F%2Flocalhost%2FFull-API-REST-Skeleton%2Fpublic, RUTA=JWT%2F, autoridad=localhost [] {"uid":"f981075"}
[2019-06-13 16:16:52] UTN FRA LOGGER.INFO: metodo=POST, URI=http%3A%2F%2Flocalhost%2FFull-API-REST-Skeleton%2Fpublic, RUTA=JWT%2F, autoridad=localhost [] {"uid":"46748bf"}
[2019-06-13 16:16:56] UTN FRA LOGGER.INFO: metodo=POST, URI=http%3A%2F%2Flocalhost%2FFull-API-REST-Skeleton%2Fpublic, RUTA=JWT%2F, autoridad=localhost [] {"uid":"0caf1e0"}
[2019-06-13 16:17:07] UTN FRA LOGGER.INFO: metodo=GET, URI=http%3A%2F%2Flocalhost%2FFull-API-REST-Skeleton%2Fpublic, RUTA=JWT%2F, autoridad=localhost [] {"uid":"6dd0ab4"}
[2019-06-13 16:19:09] UTN FRA LOGGER.INFO: metodo=GET, URI=http%3A%2F%2Flocalhost%2FFull-API-REST-Skeleton%2Fpublic, RUTA=JWT%2F, autoridad=localhost [] {"uid":"37dd024"}
[2019-06-13 16:19:58] UTN FRA LOGGER.INFO: metodo=GET, URI=http%3A%2F%2Flocalhost%2FFull-API-REST-Skeleton%2Fpublic, RUTA=JWT%2F, autoridad=localhost [] {"uid":"b69d6ce"}
[2019-06-13 16:20:00] UTN FRA LOGGER.INFO: metodo=GET, URI=http%3A%2F%2Flocalhost%2FFull-API-REST-Skeleton%2Fpublic, RUTA=JWT%2F, autoridad=localhost [] {"uid":"681fbe6"}
[2019-06-13 16:20:32] UTN FRA LOGGER.INFO: metodo=GET, URI=http%3A%2F%2Flocalhost%2FFull-API-REST-Skeleton%2Fpublic, RUTA=JWT%2F, autoridad=localhost [] {"uid":"1ef71a1"}
[2019-06-13 16:20:40] UTN FRA LOGGER.INFO: metodo=GET, URI=http%3A%2F%2Flocalhost%2FFull-API-REST-Skeleton%2Fpublic, RUTA=JWT%2F, autoridad=localhost [] {"uid":"9dfad57"}
[2019-11-10 18:38:18] UTN FRA LOGGER.INFO: metodo=GET, URI=http%3A%2F%2Flocalhost%2FTP_Final%2Fpublic, RUTA=cdORM, autoridad=localhost [] {"uid":"3de5aa3"}
[2019-11-10 18:38:18] UTN FRA LOGGER.INFO: Slim-Skeleton '/' route [] {"uid":"3de5aa3"}
[2019-11-10 18:38:26] UTN FRA LOGGER.INFO: metodo=GET, URI=http%3A%2F%2Flocalhost%2FTP_Final%2Fpublic, RUTA=cdORM, autoridad=localhost [] {"uid":"90a6f72"}
[2019-11-10 18:38:26] UTN FRA LOGGER.INFO: Slim-Skeleton '/' route [] {"uid":"90a6f72"}
[2019-11-10 18:40:43] UTN FRA LOGGER.INFO: metodo=GET, URI=http%3A%2F%2Flocalhost%2FTP_Final%2Fpublic, RUTA=cdORM%2F, autoridad=localhost [] {"uid":"37198df"}
[2019-11-10 18:41:16] UTN FRA LOGGER.INFO: metodo=GET, URI=http%3A%2F%2Flocalhost%2FTP_Final%2Fpublic, RUTA=cdORM%2F, autoridad=localhost [] {"uid":"e253009"}
[2019-11-10 19:25:10] UTN FRA LOGGER.INFO: metodo=GET, URI=http%3A%2F%2Flocalhost%2FTP_Final%2Fpublic, RUTA=cdORM%2F, autoridad=localhost [] {"uid":"3784e40"}
[2019-11-10 19:25:40] UTN FRA LOGGER.INFO: metodo=GET, URI=http%3A%2F%2Flocalhost%2FTP_Final%2Fpublic, RUTA=cdORM%2F, autoridad=localhost [] {"uid":"2813eea"}
[2019-11-10 19:38:59] UTN FRA LOGGER.INFO: metodo=POST, URI=http%3A%2F%2Flocalhost%2FTP_Final%2Fpublic, RUTA=cdORM%2F, autoridad=localhost [] {"uid":"2457899"}
[2019-11-10 19:48:40] UTN FRA LOGGER.INFO: metodo=POST, URI=http%3A%2F%2Flocalhost%2FTP_Final%2Fpublic, RUTA=cdORM%2F, autoridad=localhost [] {"uid":"83ec54a"}
[2019-11-10 19:48:57] UTN FRA LOGGER.INFO: metodo=POST, URI=http%3A%2F%2Flocalhost%2FTP_Final%2Fpublic, RUTA=cdORM%2F, autoridad=localhost [] {"uid":"36e9f56"}
[2019-11-10 20:01:39] UTN FRA LOGGER.INFO: metodo=POST, URI=http%3A%2F%2Flocalhost%2FTP_Final%2Fpublic, RUTA=cdORM%2F, autoridad=localhost [] {"uid":"a47b991"}
[2019-11-10 20:03:09] UTN FRA LOGGER.INFO: metodo=POST, URI=http%3A%2F%2Flocalhost%2FTP_Final%2Fpublic, RUTA=cdORM%2F, autoridad=localhost [] {"uid":"1578c23"}
[2019-11-10 20:04:29] UTN FRA LOGGER.INFO: metodo=POST, URI=http%3A%2F%2Flocalhost%2FTP_Final%2Fpublic, RUTA=cdORM%2F, autoridad=localhost [] {"uid":"2870ff8"}
[2019-11-10 20:04:51] UTN FRA LOGGER.INFO: metodo=POST, URI=http%3A%2F%2Flocalhost%2FTP_Final%2Fpublic, RUTA=cdORM%2F, autoridad=localhost [] {"uid":"71426a8"}
[2019-11-10 20:05:37] UTN FRA LOGGER.INFO: metodo=POST, URI=http%3A%2F%2Flocalhost%2FTP_Final%2Fpublic, RUTA=cdORM%2F, autoridad=localhost [] {"uid":"4cc401a"}
[2019-11-10 20:21:36] UTN FRA LOGGER.INFO: metodo=POST, URI=http%3A%2F%2Flocalhost%2FTP_Final%2Fpublic, RUTA=cdORM%2F, autoridad=localhost [] {"uid":"7e6d287"}
[2019-11-10 20:35:04] UTN FRA LOGGER.INFO: metodo=POST, URI=http%3A%2F%2Flocalhost%2FTP_Final%2Fpublic, RUTA=cdORM%2F, autoridad=localhost [] {"uid":"65c6935"}
[2019-11-10 20:35:33] UTN FRA LOGGER.INFO: metodo=POST, URI=http%3A%2F%2Flocalhost%2FTP_Final%2Fpublic, RUTA=cdORM%2F, autoridad=localhost [] {"uid":"0d3d0e4"}
[2019-11-10 20:36:47] UTN FRA LOGGER.INFO: metodo=POST, URI=http%3A%2F%2Flocalhost%2FTP_Final%2Fpublic, RUTA=cdORM%2F, autoridad=localhost [] {"uid":"36c643a"}
[2019-11-10 20:36:59] UTN FRA LOGGER.INFO: metodo=POST, URI=http%3A%2F%2Flocalhost%2FTP_Final%2Fpublic, RUTA=cdORM%2F, autoridad=localhost [] {"uid":"de4295e"}
[2019-11-10 20:39:03] UTN FRA LOGGER.INFO: metodo=POST, URI=http%3A%2F%2Flocalhost%2FTP_Final%2Fpublic, RUTA=cdORM%2F, autoridad=localhost [] {"uid":"d64a1b6"}
[2019-11-10 20:40:10] UTN FRA LOGGER.INFO: metodo=POST, URI=http%3A%2F%2Flocalhost%2FTP_Final%2Fpublic, RUTA=cdORM%2F, autoridad=localhost [] {"uid":"5bada12"}
[2019-11-10 20:42:00] UTN FRA LOGGER.INFO: metodo=POST, URI=http%3A%2F%2Flocalhost%2FTP_Final%2Fpublic, RUTA=cdORM%2F, autoridad=localhost [] {"uid":"45939ea"}
[2019-11-10 20:42:28] UTN FRA LOGGER.INFO: metodo=POST, URI=http%3A%2F%2Flocalhost%2FTP_Final%2Fpublic, RUTA=cdORM%2F, autoridad=localhost [] {"uid":"3ac4fe5"}
[2019-11-10 20:44:52] UTN FRA LOGGER.INFO: metodo=POST, URI=http%3A%2F%2Flocalhost%2FTP_Final%2Fpublic, RUTA=cdORM%2F, autoridad=localhost [] {"uid":"2e1ce18"}
[2019-11-10 20:45:01] UTN FRA LOGGER.INFO: metodo=POST, URI=http%3A%2F%2Flocalhost%2FTP_Final%2Fpublic, RUTA=cdORM%2F, autoridad=localhost [] {"uid":"c9244fb"}
[2019-11-10 20:45:45] UTN FRA LOGGER.INFO: metodo=POST, URI=http%3A%2F%2Flocalhost%2FTP_Final%2Fpublic, RUTA=cdORM%2F, autoridad=localhost [] {"uid":"d6dea9a"}
[2019-11-10 20:46:14] UTN FRA LOGGER.INFO: metodo=POST, URI=http%3A%2F%2Flocalhost%2FTP_Final%2Fpublic, RUTA=cdORM%2F, autoridad=localhost [] {"uid":"c71a979"}
[2019-11-10 20:46:26] UTN FRA LOGGER.INFO: metodo=POST, URI=http%3A%2F%2Flocalhost%2FTP_Final%2Fpublic, RUTA=cdORM%2F, autoridad=localhost [] {"uid":"53df373"}
[2019-11-10 20:46:52] UTN FRA LOGGER.INFO: metodo=POST, URI=http%3A%2F%2Flocalhost%2FTP_Final%2Fpublic, RUTA=cdORM%2F, autoridad=localhost [] {"uid":"47e65aa"}
[2019-11-10 20:47:08] UTN FRA LOGGER.INFO: metodo=POST, URI=http%3A%2F%2Flocalhost%2FTP_Final%2Fpublic, RUTA=cdORM%2F, autoridad=localhost [] {"uid":"504f759"}
[2019-11-10 20:47:26] UTN FRA LOGGER.INFO: metodo=POST, URI=http%3A%2F%2Flocalhost%2FTP_Final%2Fpublic, RUTA=cdORM%2F, autoridad=localhost [] {"uid":"6289a61"}
[2019-11-10 20:47:38] UTN FRA LOGGER.INFO: metodo=POST, URI=http%3A%2F%2Flocalhost%2FTP_Final%2Fpublic, RUTA=cdORM%2F, autoridad=localhost [] {"uid":"2ef3a31"}
[2019-11-10 20:48:06] UTN FRA LOGGER.INFO: metodo=POST, URI=http%3A%2F%2Flocalhost%2FTP_Final%2Fpublic, RUTA=cdORM%2F, autoridad=localhost [] {"uid":"8dd3074"}
[2019-11-10 20:48:31] UTN FRA LOGGER.INFO: metodo=POST, URI=http%3A%2F%2Flocalhost%2FTP_Final%2Fpublic, RUTA=cdORM%2F, autoridad=localhost [] {"uid":"aa111cd"}
[2019-11-10 20:49:45] UTN FRA LOGGER.INFO: metodo=POST, URI=http%3A%2F%2Flocalhost%2FTP_Final%2Fpublic, RUTA=cdORM%2F, autoridad=localhost [] {"uid":"a4bfd3e"}
[2019-11-10 20:50:01] UTN FRA LOGGER.INFO: metodo=POST, URI=http%3A%2F%2Flocalhost%2FTP_Final%2Fpublic, RUTA=cdORM%2F, autoridad=localhost [] {"uid":"6e3ead2"}
[2019-11-10 20:50:22] UTN FRA LOGGER.INFO: metodo=POST, URI=http%3A%2F%2Flocalhost%2FTP_Final%2Fpublic, RUTA=cdORM%2F, autoridad=localhost [] {"uid":"8991767"}
[2019-11-10 20:50:54] UTN FRA LOGGER.INFO: metodo=POST, URI=http%3A%2F%2Flocalhost%2FTP_Final%2Fpublic, RUTA=cdORM%2F, autoridad=localhost [] {"uid":"a57e976"}
[2019-11-10 20:51:35] UTN FRA LOGGER.INFO: metodo=POST, URI=http%3A%2F%2Flocalhost%2FTP_Final%2Fpublic, RUTA=cdORM%2F, autoridad=localhost [] {"uid":"f0338d3"}
[2019-11-10 20:51:46] UTN FRA LOGGER.INFO: metodo=POST, URI=http%3A%2F%2Flocalhost%2FTP_Final%2Fpublic, RUTA=cdORM%2F, autoridad=localhost [] {"uid":"81ee041"}
[2019-11-10 21:19:00] UTN FRA LOGGER.INFO: metodo=POST, URI=http%3A%2F%2Flocalhost%2FTP_Final%2Fpublic, RUTA=cdORM%2F, autoridad=localhost [] {"uid":"67196da"}
[2019-11-10 21:21:39] UTN FRA LOGGER.INFO: metodo=POST, URI=http%3A%2F%2Flocalhost%2FTP_Final%2Fpublic, RUTA=cdORM%2F, autoridad=localhost [] {"uid":"827cbb7"}
[2019-11-10 21:22:17] UTN FRA LOGGER.INFO: metodo=POST, URI=http%3A%2F%2Flocalhost%2FTP_Final%2Fpublic, RUTA=cdORM%2F, autoridad=localhost [] {"uid":"19b479c"}
[2019-11-10 21:23:59] UTN FRA LOGGER.INFO: metodo=POST, URI=http%3A%2F%2Flocalhost%2FTP_Final%2Fpublic, RUTA=cdORM%2F, autoridad=localhost [] {"uid":"40b018a"}
[2019-11-10 21:24:15] UTN FRA LOGGER.INFO: metodo=POST, URI=http%3A%2F%2Flocalhost%2FTP_Final%2Fpublic, RUTA=cdORM%2F, autoridad=localhost [] {"uid":"7b938ea"}
[2019-11-10 21:26:32] UTN FRA LOGGER.INFO: metodo=POST, URI=http%3A%2F%2Flocalhost%2FTP_Final%2Fpublic, RUTA=cdORM%2F, autoridad=localhost [] {"uid":"1ced188"}
[2019-11-10 21:36:24] UTN FRA LOGGER.INFO: metodo=POST, URI=http%3A%2F%2Flocalhost%2FTP_Final%2Fpublic, RUTA=cdORM%2F, autoridad=localhost [] {"uid":"01e3617"}
[2019-11-10 21:36:54] UTN FRA LOGGER.INFO: metodo=POST, URI=http%3A%2F%2Flocalhost%2FTP_Final%2Fpublic, RUTA=cdORM%2F, autoridad=localhost [] {"uid":"9a8db09"}
[2019-11-10 21:38:42] UTN FRA LOGGER.INFO: metodo=POST, URI=http%3A%2F%2Flocalhost%2FTP_Final%2Fpublic, RUTA=cdORM%2F, autoridad=localhost [] {"uid":"2cbeb98"}
[2019-11-10 21:39:00] UTN FRA LOGGER.INFO: metodo=POST, URI=http%3A%2F%2Flocalhost%2FTP_Final%2Fpublic, RUTA=cdORM%2F, autoridad=localhost [] {"uid":"c3ee768"}
[2019-11-10 21:39:46] UTN FRA LOGGER.INFO: metodo=POST, URI=http%3A%2F%2Flocalhost%2FTP_Final%2Fpublic, RUTA=cdORM%2F, autoridad=localhost [] {"uid":"7023b43"}
[2019-11-10 21:40:34] UTN FRA LOGGER.INFO: metodo=POST, URI=http%3A%2F%2Flocalhost%2FTP_Final%2Fpublic, RUTA=cdORM%2F, autoridad=localhost [] {"uid":"6b611d2"}
[2019-11-10 21:41:51] UTN FRA LOGGER.INFO: metodo=POST, URI=http%3A%2F%2Flocalhost%2FTP_Final%2Fpublic, RUTA=cdORM%2F, autoridad=localhost [] {"uid":"a91df2a"}
[2019-11-10 21:42:32] UTN FRA LOGGER.INFO: metodo=POST, URI=http%3A%2F%2Flocalhost%2FTP_Final%2Fpublic, RUTA=cdORM%2F, autoridad=localhost [] {"uid":"0290832"}
[2019-11-10 21:56:09] UTN FRA LOGGER.INFO: metodo=POST, URI=http%3A%2F%2Flocalhost%2FTP_Final%2Fpublic, RUTA=pedidos%2F, autoridad=localhost [] {"uid":"83e5263"}
[2019-11-10 21:56:47] UTN FRA LOGGER.INFO: metodo=POST, URI=http%3A%2F%2Flocalhost%2FTP_Final%2Fpublic, RUTA=pedidos%2F, autoridad=localhost [] {"uid":"6aee934"}
[2019-11-10 21:57:59] UTN FRA LOGGER.INFO: metodo=GET, URI=http%3A%2F%2Flocalhost%2FTP_Final%2Fpublic, RUTA=pedidos%2F, autoridad=localhost [] {"uid":"425d7be"}
[2019-11-10 22:00:08] UTN FRA LOGGER.INFO: metodo=GET, URI=http%3A%2F%2Flocalhost%2FTP_Final%2Fpublic, RUTA=pedidos%2F, autoridad=localhost [] {"uid":"9f03f3d"}
[2019-11-10 22:00:15] UTN FRA LOGGER.INFO: metodo=GET, URI=http%3A%2F%2Flocalhost%2FTP_Final%2Fpublic, RUTA=pedidos%2F2, autoridad=localhost [] {"uid":"6707689"}
[2019-11-10 22:02:54] UTN FRA LOGGER.INFO: metodo=GET, URI=http%3A%2F%2Flocalhost%2FTP_Final%2Fpublic, RUTA=pedidos%2F2, autoridad=localhost [] {"uid":"ff2d767"}
[2019-11-10 22:03:00] UTN FRA LOGGER.INFO: metodo=GET, URI=http%3A%2F%2Flocalhost%2FTP_Final%2Fpublic, RUTA=pedidos%2F3, autoridad=localhost [] {"uid":"1cdb0b2"}
[2019-11-10 22:07:47] UTN FRA LOGGER.INFO: metodo=POST, URI=http%3A%2F%2Flocalhost%2FTP_Final%2Fpublic, RUTA=pedidos%2F, autoridad=localhost [] {"uid":"f1bbe64"}
[2019-11-10 22:10:03] UTN FRA LOGGER.INFO: metodo=POST, URI=http%3A%2F%2Flocalhost%2FTP_Final%2Fpublic, RUTA=pedidos%2F, autoridad=localhost [] {"uid":"eeba256"}
[2019-11-10 22:10:58] UTN FRA LOGGER.INFO: metodo=GET, URI=http%3A%2F%2Flocalhost%2FTP_Final%2Fpublic, RUTA=pedidos%2F1, autoridad=localhost [] {"uid":"7365f59"}
[2019-11-10 22:11:20] UTN FRA LOGGER.INFO: metodo=GET, URI=http%3A%2F%2Flocalhost%2FTP_Final%2Fpublic, RUTA=pedidos%2F, autoridad=localhost [] {"uid":"0b5f39b"}
[2019-11-10 22:11:28] UTN FRA LOGGER.INFO: metodo=GET, URI=http%3A%2F%2Flocalhost%2FTP_Final%2Fpublic, RUTA=pedidos%2F1, autoridad=localhost [] {"uid":"f8aa4b2"}
[2019-11-10 22:12:05] UTN FRA LOGGER.INFO: metodo=POST, URI=http%3A%2F%2Flocalhost%2FTP_Final%2Fpublic, RUTA=pedidos%2F, autoridad=localhost [] {"uid":"73b59d3"}
[2019-11-10 22:12:10] UTN FRA LOGGER.INFO: metodo=GET, URI=http%3A%2F%2Flocalhost%2FTP_Final%2Fpublic, RUTA=pedidos%2F, autoridad=localhost [] {"uid":"b922783"}
[2019-11-10 22:34:33] UTN FRA LOGGER.INFO: metodo=POST, URI=http%3A%2F%2Flocalhost%2FTP_Final%2Fpublic, RUTA=pedidos%2F, autoridad=localhost [] {"uid":"11afe56"}
[2019-11-10 22:49:13] UTN FRA LOGGER.INFO: metodo=POST, URI=http%3A%2F%2Flocalhost%2FTP_Final%2Fpublic, RUTA=pedidos%2Fbaja, autoridad=localhost [] {"uid":"fbe2d18"}
[2019-11-10 22:55:25] UTN FRA LOGGER.INFO: metodo=POST, URI=http%3A%2F%2Flocalhost%2FTP_Final%2Fpublic, RUTA=pedidos%2F, autoridad=localhost [] {"uid":"a3b9be9"}
[2019-11-10 22:56:19] UTN FRA LOGGER.INFO: metodo=POST, URI=http%3A%2F%2Flocalhost%2FTP_Final%2Fpublic, RUTA=pedidos%2Fmodificar, autoridad=localhost [] {"uid":"a7539a0"}
[2019-11-10 22:56:56] UTN FRA LOGGER.INFO: metodo=POST, URI=http%3A%2F%2Flocalhost%2FTP_Final%2Fpublic, RUTA=pedidos%2Fmodificar, autoridad=localhost [] {"uid":"9e2514b"}
[2019-11-10 23:00:09] UTN FRA LOGGER.INFO: metodo=POST, URI=http%3A%2F%2Flocalhost%2FTP_Final%2Fpublic, RUTA=pedidos%2Fmodificar, autoridad=localhost [] {"uid":"82f1143"}
[2019-11-10 23:00:19] UTN FRA LOGGER.INFO: metodo=POST, URI=http%3A%2F%2Flocalhost%2FTP_Final%2Fpublic, RUTA=pedidos%2Fmodificar, autoridad=localhost [] {"uid":"bb39b97"}
[2019-11-10 23:01:37] UTN FRA LOGGER.INFO: metodo=POST, URI=http%3A%2F%2Flocalhost%2FTP_Final%2Fpublic, RUTA=pedidos%2Fmodificar, autoridad=localhost [] {"uid":"9e00b40"}
[2019-11-10 23:02:13] UTN FRA LOGGER.INFO: metodo=POST, URI=http%3A%2F%2Flocalhost%2FTP_Final%2Fpublic, RUTA=pedidos%2Fmodificar, autoridad=localhost [] {"uid":"79878c1"}
