[2019-06-13 14:22:41] UTN FRA LOGGER.INFO: ::1 [] {"uid":"ecfba35"}
[2019-06-13 14:23:14] UTN FRA LOGGER.INFO: ip :::1 [] {"uid":"f1af206"}
[2019-06-13 14:31:21] UTN FRA LOGGER.INFO: info  =Mozilla/5.0 (X11; Linux x86_64) AppleWebKit/537.36 (KHTML, like Gecko) Chrome/73.0.3683.86 Safari/537.36 [] {"uid":"2676799"}
[2019-06-13 14:31:21] UTN FRA LOGGER.INFO: ip =::1 [] {"uid":"2676799"}
[2019-06-13 14:33:01] UTN FRA LOGGER.INFO: info  =PostmanRuntime/7.1.1 [] {"uid":"1c0e970"}
[2019-06-13 14:33:01] UTN FRA LOGGER.INFO: ip =::1 [] {"uid":"1c0e970"}
[2019-06-13 14:33:04] UTN FRA LOGGER.INFO: info  =PostmanRuntime/7.1.1 [] {"uid":"e0a490b"}
[2019-06-13 14:33:04] UTN FRA LOGGER.INFO: ip =::1 [] {"uid":"e0a490b"}
[2019-06-13 14:33:08] UTN FRA LOGGER.INFO: info  =PostmanRuntime/7.1.1 [] {"uid":"5792b8b"}
[2019-06-13 14:33:08] UTN FRA LOGGER.INFO: ip =::1 [] {"uid":"5792b8b"}
[2019-06-13 14:33:14] UTN FRA LOGGER.INFO: info  =PostmanRuntime/7.1.1 [] {"uid":"c3f3041"}
[2019-06-13 14:33:14] UTN FRA LOGGER.INFO: ip =::1 [] {"uid":"c3f3041"}
[2019-06-13 14:41:27] UTN FRA LOGGER.INFO: info  =Mozilla/5.0 (X11; Linux x86_64; rv:60.0) Gecko/20100101 Firefox/60.0 [] {"uid":"d971c69"}
[2019-06-13 14:41:27] UTN FRA LOGGER.INFO: ip =127.0.0.1 [] {"uid":"d971c69"}
[2019-06-13 14:46:20] UTN FRA LOGGER.INFO: info  =Mozilla/5.0 (X11; Linux x86_64; rv:60.0) Gecko/20100101 Firefox/60.0 [] {"uid":"01737b9"}
[2019-06-13 14:46:20] UTN FRA LOGGER.INFO: ip =127.0.0.1 [] {"uid":"01737b9"}
[2019-06-13 14:48:37] UTN FRA LOGGER.INFO: info  =Mozilla/5.0 (X11; Linux x86_64) AppleWebKit/537.36 (KHTML, like Gecko) Chrome/50.0.2661.76 YaBrowser/16.6.0.6383 (beta) Safari/537.36 [] {"uid":"5d9f7e5"}
[2019-06-13 14:48:37] UTN FRA LOGGER.INFO: ip =::1 [] {"uid":"5d9f7e5"}
[2019-06-13 14:48:52] UTN FRA LOGGER.INFO: info  =Mozilla/5.0 (X11; Linux x86_64) AppleWebKit/537.36 (KHTML, like Gecko) Chrome/50.0.2661.76 YaBrowser/16.6.0.6383 (beta) Safari/537.36 [] {"uid":"f6cdba9"}
[2019-06-13 14:48:52] UTN FRA LOGGER.INFO: ip =::1 [] {"uid":"f6cdba9"}
[2019-06-13 14:48:59] UTN FRA LOGGER.INFO: info  =Mozilla/5.0 (X11; Linux x86_64) AppleWebKit/537.36 (KHTML, like Gecko) Chrome/50.0.2661.76 YaBrowser/16.6.0.6383 (beta) Safari/537.36 [] {"uid":"7fb9fe5"}
[2019-06-13 14:48:59] UTN FRA LOGGER.INFO: ip =::1 [] {"uid":"7fb9fe5"}
[2019-06-13 14:50:12] UTN FRA LOGGER.INFO: info  =Mozilla/5.0 (X11; Linux x86_64) AppleWebKit/537.36 (KHTML, like Gecko) Chrome/71.0.3578.98 Safari/537.36 OPR/58.0.3135.107 [] {"uid":"05adba9"}
[2019-06-13 14:50:13] UTN FRA LOGGER.INFO: ip =::1 [] {"uid":"05adba9"}
[2019-06-13 14:51:49] UTN FRA LOGGER.INFO: info  =Mozilla/5.0 (X11; Linux x86_64) AppleWebKit/537.36 (KHTML, like Gecko) Chrome/73.0.3683.86 Safari/537.36 [] {"uid":"4869fa1"}
[2019-06-13 14:51:49] UTN FRA LOGGER.INFO: ip =::1 [] {"uid":"4869fa1"}
[2019-06-13 14:52:04] UTN FRA LOGGER.INFO: info  =PostmanRuntime/7.1.1 [] {"uid":"955f892"}
[2019-06-13 14:52:04] UTN FRA LOGGER.INFO: ip =::1 [] {"uid":"955f892"}
[2019-06-13 14:52:24] UTN FRA LOGGER.INFO: Datos  =PostmanRuntime/7.1.1 [] {"uid":"3d3557f"}
[2019-06-13 14:52:24] UTN FRA LOGGER.INFO: ip =::1 [] {"uid":"3d3557f"}
[2019-06-13 14:52:34] UTN FRA LOGGER.INFO: Datos  =Mozilla/5.0 (X11; Linux x86_64) AppleWebKit/537.36 (KHTML, like Gecko) Chrome/71.0.3578.98 Safari/537.36 OPR/58.0.3135.107 [] {"uid":"521a87e"}
[2019-06-13 14:52:34] UTN FRA LOGGER.INFO: ip =::1 [] {"uid":"521a87e"}
[2019-06-13 14:54:41] UTN FRA LOGGER.INFO: Datos  =Mozilla/5.0 (X11; Linux x86_64) AppleWebKit/537.36 (KHTML, like Gecko) Chrome/73.0.3683.86 Safari/537.36 [] {"uid":"15b9fd3"}
[2019-06-13 14:54:41] UTN FRA LOGGER.INFO: ip =::1 [] {"uid":"15b9fd3"}
[2019-06-13 15:40:36] UTN FRA LOGGER.INFO: Datos  =Mozilla/5.0 (X11; Linux x86_64) AppleWebKit/537.36 (KHTML, like Gecko) Chrome/73.0.3683.86 Safari/537.36 [] {"uid":"bbb9226"}
[2019-06-13 15:40:36] UTN FRA LOGGER.INFO: ip =::1 [] {"uid":"bbb9226"}
[2019-06-13 15:40:42] UTN FRA LOGGER.INFO: Datos  =Mozilla/5.0 (X11; Linux x86_64) AppleWebKit/537.36 (KHTML, like Gecko) Chrome/73.0.3683.86 Safari/537.36 [] {"uid":"d5105f7"}
[2019-06-13 15:40:42] UTN FRA LOGGER.INFO: ip =::1 [] {"uid":"d5105f7"}
[2019-06-13 15:41:29] UTN FRA LOGGER.INFO: Datos  =Mozilla/5.0 (X11; Linux x86_64) AppleWebKit/537.36 (KHTML, like Gecko) Chrome/73.0.3683.86 Safari/537.36 [] {"uid":"e12c6d8"}
[2019-06-13 15:41:29] UTN FRA LOGGER.INFO: ip =::1 [] {"uid":"e12c6d8"}
[2019-06-13 15:42:30] UTN FRA LOGGER.INFO: Datos  =Mozilla/5.0 (X11; Linux x86_64) AppleWebKit/537.36 (KHTML, like Gecko) Chrome/73.0.3683.86 Safari/537.36 [] {"uid":"36ef6fa"}
[2019-06-13 15:42:30] UTN FRA LOGGER.INFO: ip =::1 [] {"uid":"36ef6fa"}
[2019-06-13 15:45:52] UTN FRA LOGGER.INFO: Datos  =Mozilla/5.0 (X11; Linux x86_64) AppleWebKit/537.36 (KHTML, like Gecko) Chrome/73.0.3683.86 Safari/537.36 [] {"uid":"452e00c"}
[2019-06-13 15:45:52] UTN FRA LOGGER.INFO: ip =::1 [] {"uid":"452e00c"}
[2019-06-13 15:46:48] UTN FRA LOGGER.INFO: Datos  =Mozilla/5.0 (X11; Linux x86_64) AppleWebKit/537.36 (KHTML, like Gecko) Chrome/73.0.3683.86 Safari/537.36 [] {"uid":"accaf17"}
[2019-06-13 15:46:48] UTN FRA LOGGER.INFO: ip =::1 [] {"uid":"accaf17"}
[2019-06-13 15:46:49] UTN FRA LOGGER.INFO: Datos  =Mozilla/5.0 (X11; Linux x86_64) AppleWebKit/537.36 (KHTML, like Gecko) Chrome/73.0.3683.86 Safari/537.36 [] {"uid":"2977b9f"}
[2019-06-13 15:46:49] UTN FRA LOGGER.INFO: ip =::1 [] {"uid":"2977b9f"}
[2019-06-13 15:46:50] UTN FRA LOGGER.INFO: Datos  =Mozilla/5.0 (X11; Linux x86_64) AppleWebKit/537.36 (KHTML, like Gecko) Chrome/73.0.3683.86 Safari/537.36 [] {"uid":"5b1fbcd"}
[2019-06-13 15:46:50] UTN FRA LOGGER.INFO: ip =::1 [] {"uid":"5b1fbcd"}
[2019-06-13 15:47:05] UTN FRA LOGGER.INFO: Datos  =Mozilla/5.0 (X11; Linux x86_64) AppleWebKit/537.36 (KHTML, like Gecko) Chrome/73.0.3683.86 Safari/537.36 [] {"uid":"618e906"}
[2019-06-13 15:47:05] UTN FRA LOGGER.INFO: ip =::1 [] {"uid":"618e906"}
[2019-06-13 15:47:10] UTN FRA LOGGER.INFO: Datos  =Mozilla/5.0 (X11; Linux x86_64) AppleWebKit/537.36 (KHTML, like Gecko) Chrome/73.0.3683.86 Safari/537.36 [] {"uid":"e6f850c"}
[2019-06-13 15:47:10] UTN FRA LOGGER.INFO: ip =::1 [] {"uid":"e6f850c"}
[2019-06-13 15:47:16] UTN FRA LOGGER.INFO: Datos  =Mozilla/5.0 (X11; Linux x86_64) AppleWebKit/537.36 (KHTML, like Gecko) Chrome/73.0.3683.86 Safari/537.36 [] {"uid":"6080469"}
[2019-06-13 15:47:16] UTN FRA LOGGER.INFO: ip =::1 [] {"uid":"6080469"}
[2019-06-13 15:47:52] UTN FRA LOGGER.INFO: Datos  =Mozilla/5.0 (X11; Linux x86_64) AppleWebKit/537.36 (KHTML, like Gecko) Chrome/73.0.3683.86 Safari/537.36 [] {"uid":"be829a8"}
[2019-06-13 15:47:52] UTN FRA LOGGER.INFO: ip =::1 [] {"uid":"be829a8"}
[2019-06-13 15:47:55] UTN FRA LOGGER.INFO: Datos  =Mozilla/5.0 (X11; Linux x86_64) AppleWebKit/537.36 (KHTML, like Gecko) Chrome/73.0.3683.86 Safari/537.36 [] {"uid":"8f497ca"}
[2019-06-13 15:47:55] UTN FRA LOGGER.INFO: ip =::1 [] {"uid":"8f497ca"}
[2019-06-13 15:48:12] UTN FRA LOGGER.INFO: Datos  =Mozilla/5.0 (X11; Linux x86_64) AppleWebKit/537.36 (KHTML, like Gecko) Chrome/73.0.3683.86 Safari/537.36 [] {"uid":"9e48c5a"}
[2019-06-13 15:48:12] UTN FRA LOGGER.INFO: ip =::1 [] {"uid":"9e48c5a"}
[2019-06-13 15:48:15] UTN FRA LOGGER.INFO: Datos  =Mozilla/5.0 (X11; Linux x86_64) AppleWebKit/537.36 (KHTML, like Gecko) Chrome/73.0.3683.86 Safari/537.36 [] {"uid":"b916695"}
[2019-06-13 15:48:15] UTN FRA LOGGER.INFO: ip =::1 [] {"uid":"b916695"}
[2019-06-13 15:50:55] UTN FRA LOGGER.INFO: Datos  =Mozilla/5.0 (X11; Linux x86_64) AppleWebKit/537.36 (KHTML, like Gecko) Chrome/73.0.3683.86 Safari/537.36 [] {"uid":"1dd5fc6"}
[2019-06-13 15:50:55] UTN FRA LOGGER.INFO: ip =::1 [] {"uid":"1dd5fc6"}
[2019-06-13 15:51:28] UTN FRA LOGGER.INFO: Datos  =Mozilla/5.0 (X11; Linux x86_64) AppleWebKit/537.36 (KHTML, like Gecko) Chrome/73.0.3683.86 Safari/537.36 [] {"uid":"458c08c"}
[2019-06-13 15:51:28] UTN FRA LOGGER.INFO: ip =::1 [] {"uid":"458c08c"}
[2019-06-13 15:51:33] UTN FRA LOGGER.INFO: Datos  =Mozilla/5.0 (X11; Linux x86_64) AppleWebKit/537.36 (KHTML, like Gecko) Chrome/73.0.3683.86 Safari/537.36 [] {"uid":"c57b200"}
[2019-06-13 15:51:33] UTN FRA LOGGER.INFO: ip =::1 [] {"uid":"c57b200"}
[2019-06-13 15:53:23] UTN FRA LOGGER.INFO: Datos  =Mozilla/5.0 (X11; Linux x86_64) AppleWebKit/537.36 (KHTML, like Gecko) Chrome/73.0.3683.86 Safari/537.36 [] {"uid":"903207f"}
[2019-06-13 15:53:23] UTN FRA LOGGER.INFO: ip =::1 [] {"uid":"903207f"}
[2019-06-13 15:53:26] UTN FRA LOGGER.INFO: Datos  =Mozilla/5.0 (X11; Linux x86_64) AppleWebKit/537.36 (KHTML, like Gecko) Chrome/73.0.3683.86 Safari/537.36 [] {"uid":"3a71660"}
[2019-06-13 15:53:26] UTN FRA LOGGER.INFO: ip =::1 [] {"uid":"3a71660"}
[2019-06-13 15:54:00] UTN FRA LOGGER.INFO: Datos  =Mozilla/5.0 (X11; Linux x86_64) AppleWebKit/537.36 (KHTML, like Gecko) Chrome/73.0.3683.86 Safari/537.36 [] {"uid":"b363313"}
[2019-06-13 15:54:00] UTN FRA LOGGER.INFO: ip =::1 [] {"uid":"b363313"}
[2019-06-13 15:54:01] UTN FRA LOGGER.INFO: Datos  =Mozilla/5.0 (X11; Linux x86_64) AppleWebKit/537.36 (KHTML, like Gecko) Chrome/73.0.3683.86 Safari/537.36 [] {"uid":"a1ab03e"}
[2019-06-13 15:54:01] UTN FRA LOGGER.INFO: ip =::1 [] {"uid":"a1ab03e"}
[2019-06-13 15:54:01] UTN FRA LOGGER.INFO: Datos  =Mozilla/5.0 (X11; Linux x86_64) AppleWebKit/537.36 (KHTML, like Gecko) Chrome/73.0.3683.86 Safari/537.36 [] {"uid":"74bb1fc"}
[2019-06-13 15:54:01] UTN FRA LOGGER.INFO: ip =::1 [] {"uid":"74bb1fc"}
[2019-06-13 15:54:01] UTN FRA LOGGER.INFO: Datos  =Mozilla/5.0 (X11; Linux x86_64) AppleWebKit/537.36 (KHTML, like Gecko) Chrome/73.0.3683.86 Safari/537.36 [] {"uid":"e07b9d7"}
[2019-06-13 15:54:01] UTN FRA LOGGER.INFO: ip =::1 [] {"uid":"e07b9d7"}
[2019-06-13 15:54:01] UTN FRA LOGGER.INFO: Datos  =Mozilla/5.0 (X11; Linux x86_64) AppleWebKit/537.36 (KHTML, like Gecko) Chrome/73.0.3683.86 Safari/537.36 [] {"uid":"b3e7a0b"}
[2019-06-13 15:54:01] UTN FRA LOGGER.INFO: ip =::1 [] {"uid":"b3e7a0b"}
[2019-06-13 15:54:02] UTN FRA LOGGER.INFO: Datos  =Mozilla/5.0 (X11; Linux x86_64) AppleWebKit/537.36 (KHTML, like Gecko) Chrome/73.0.3683.86 Safari/537.36 [] {"uid":"e6fa77e"}
[2019-06-13 15:54:02] UTN FRA LOGGER.INFO: ip =::1 [] {"uid":"e6fa77e"}
[2019-06-13 15:54:02] UTN FRA LOGGER.INFO: Datos  =Mozilla/5.0 (X11; Linux x86_64) AppleWebKit/537.36 (KHTML, like Gecko) Chrome/73.0.3683.86 Safari/537.36 [] {"uid":"262fbd8"}
[2019-06-13 15:54:02] UTN FRA LOGGER.INFO: ip =::1 [] {"uid":"262fbd8"}
[2019-06-13 15:54:29] UTN FRA LOGGER.INFO: Datos  =Mozilla/5.0 (X11; Linux x86_64) AppleWebKit/537.36 (KHTML, like Gecko) Chrome/73.0.3683.86 Safari/537.36 [] {"uid":"69026c5"}
[2019-06-13 15:54:29] UTN FRA LOGGER.INFO: ip =::1 [] {"uid":"69026c5"}
[2019-06-13 15:54:53] UTN FRA LOGGER.INFO: Datos  =Mozilla/5.0 (X11; Linux x86_64) AppleWebKit/537.36 (KHTML, like Gecko) Chrome/73.0.3683.86 Safari/537.36 [] {"uid":"7f80bac"}
[2019-06-13 15:54:53] UTN FRA LOGGER.INFO: ip =::1 [] {"uid":"7f80bac"}
[2019-06-13 16:14:20] UTN FRA LOGGER.INFO: Datos  =PostmanRuntime/7.1.1 [] {"uid":"f37f107"}
[2019-06-13 16:14:20] UTN FRA LOGGER.INFO: ip =::1 [] {"uid":"f37f107"}
[2019-06-13 16:14:25] UTN FRA LOGGER.INFO: Datos  =PostmanRuntime/7.1.1 [] {"uid":"f86c548"}
[2019-06-13 16:14:25] UTN FRA LOGGER.INFO: ip =::1 [] {"uid":"f86c548"}
[2019-06-13 16:16:52] UTN FRA LOGGER.INFO: Datos  =PostmanRuntime/7.1.1 [] {"uid":"cfce916"}
[2019-06-13 16:16:52] UTN FRA LOGGER.INFO: ip =::1 [] {"uid":"cfce916"}
[2019-06-13 16:16:56] UTN FRA LOGGER.INFO: Datos  =PostmanRuntime/7.1.1 [] {"uid":"24b074c"}
[2019-06-13 16:16:56] UTN FRA LOGGER.INFO: ip =::1 [] {"uid":"24b074c"}
[2019-06-13 16:17:07] UTN FRA LOGGER.INFO: Datos  =PostmanRuntime/7.1.1 [] {"uid":"fecc8fc"}
[2019-06-13 16:17:07] UTN FRA LOGGER.INFO: ip =::1 [] {"uid":"fecc8fc"}
[2019-06-13 16:19:09] UTN FRA LOGGER.INFO: Datos  =Mozilla/5.0 (X11; Linux x86_64) AppleWebKit/537.36 (KHTML, like Gecko) Chrome/73.0.3683.86 Safari/537.36 [] {"uid":"e2193d4"}
[2019-06-13 16:19:09] UTN FRA LOGGER.INFO: ip =::1 [] {"uid":"e2193d4"}
[2019-06-13 16:19:58] UTN FRA LOGGER.INFO: Datos  =Mozilla/5.0 (X11; Linux x86_64) AppleWebKit/537.36 (KHTML, like Gecko) Chrome/73.0.3683.86 Safari/537.36 [] {"uid":"d83d781"}
[2019-06-13 16:19:58] UTN FRA LOGGER.INFO: ip =::1 [] {"uid":"d83d781"}
[2019-06-13 16:20:00] UTN FRA LOGGER.INFO: Datos  =Mozilla/5.0 (X11; Linux x86_64) AppleWebKit/537.36 (KHTML, like Gecko) Chrome/73.0.3683.86 Safari/537.36 [] {"uid":"89e32cc"}
[2019-06-13 16:20:00] UTN FRA LOGGER.INFO: ip =::1 [] {"uid":"89e32cc"}
[2019-06-13 16:20:32] UTN FRA LOGGER.INFO: Datos  =Mozilla/5.0 (X11; Linux x86_64) AppleWebKit/537.36 (KHTML, like Gecko) Chrome/73.0.3683.86 Safari/537.36 [] {"uid":"434586f"}
[2019-06-13 16:20:32] UTN FRA LOGGER.INFO: ip =::1 [] {"uid":"434586f"}
[2019-06-13 16:20:40] UTN FRA LOGGER.INFO: Datos  =PostmanRuntime/7.1.1 [] {"uid":"87cac8e"}
[2019-06-13 16:20:40] UTN FRA LOGGER.INFO: ip =::1 [] {"uid":"87cac8e"}
[2019-11-10 18:38:18] UTN FRA LOGGER.INFO: Datos  =PostmanRuntime/7.19.0 [] {"uid":"e673627"}
[2019-11-10 18:38:18] UTN FRA LOGGER.INFO: ip =::1 [] {"uid":"e673627"}
[2019-11-10 18:38:26] UTN FRA LOGGER.INFO: Datos  =PostmanRuntime/7.19.0 [] {"uid":"b747212"}
[2019-11-10 18:38:26] UTN FRA LOGGER.INFO: ip =::1 [] {"uid":"b747212"}
[2019-11-10 18:40:43] UTN FRA LOGGER.INFO: Datos  =PostmanRuntime/7.19.0 [] {"uid":"1fdd4c0"}
[2019-11-10 18:40:43] UTN FRA LOGGER.INFO: ip =::1 [] {"uid":"1fdd4c0"}
[2019-11-10 18:41:16] UTN FRA LOGGER.INFO: Datos  =PostmanRuntime/7.19.0 [] {"uid":"65ce179"}
[2019-11-10 18:41:16] UTN FRA LOGGER.INFO: ip =::1 [] {"uid":"65ce179"}
[2019-11-10 19:25:10] UTN FRA LOGGER.INFO: Datos  =PostmanRuntime/7.19.0 [] {"uid":"88b2d2e"}
[2019-11-10 19:25:10] UTN FRA LOGGER.INFO: ip =::1 [] {"uid":"88b2d2e"}
[2019-11-10 19:25:40] UTN FRA LOGGER.INFO: Datos  =PostmanRuntime/7.19.0 [] {"uid":"716f448"}
[2019-11-10 19:25:40] UTN FRA LOGGER.INFO: ip =::1 [] {"uid":"716f448"}
[2019-11-10 19:38:59] UTN FRA LOGGER.INFO: Datos  =PostmanRuntime/7.19.0 [] {"uid":"cffad3c"}
[2019-11-10 19:38:59] UTN FRA LOGGER.INFO: ip =::1 [] {"uid":"cffad3c"}
[2019-11-10 19:48:40] UTN FRA LOGGER.INFO: Datos  =PostmanRuntime/7.19.0 [] {"uid":"c916297"}
[2019-11-10 19:48:40] UTN FRA LOGGER.INFO: ip =::1 [] {"uid":"c916297"}
[2019-11-10 19:48:57] UTN FRA LOGGER.INFO: Datos  =PostmanRuntime/7.19.0 [] {"uid":"819ae27"}
[2019-11-10 19:48:57] UTN FRA LOGGER.INFO: ip =::1 [] {"uid":"819ae27"}
[2019-11-10 20:01:39] UTN FRA LOGGER.INFO: Datos  =PostmanRuntime/7.19.0 [] {"uid":"16834fa"}
[2019-11-10 20:01:39] UTN FRA LOGGER.INFO: ip =::1 [] {"uid":"16834fa"}
[2019-11-10 20:03:09] UTN FRA LOGGER.INFO: Datos  =PostmanRuntime/7.19.0 [] {"uid":"e85c3df"}
[2019-11-10 20:03:09] UTN FRA LOGGER.INFO: ip =::1 [] {"uid":"e85c3df"}
[2019-11-10 20:04:29] UTN FRA LOGGER.INFO: Datos  =PostmanRuntime/7.19.0 [] {"uid":"6ed4de4"}
[2019-11-10 20:04:29] UTN FRA LOGGER.INFO: ip =::1 [] {"uid":"6ed4de4"}
[2019-11-10 20:04:51] UTN FRA LOGGER.INFO: Datos  =PostmanRuntime/7.19.0 [] {"uid":"6ef9544"}
[2019-11-10 20:04:51] UTN FRA LOGGER.INFO: ip =::1 [] {"uid":"6ef9544"}
[2019-11-10 20:05:37] UTN FRA LOGGER.INFO: Datos  =PostmanRuntime/7.19.0 [] {"uid":"ab1f66f"}
[2019-11-10 20:05:37] UTN FRA LOGGER.INFO: ip =::1 [] {"uid":"ab1f66f"}
[2019-11-10 20:21:36] UTN FRA LOGGER.INFO: Datos  =PostmanRuntime/7.19.0 [] {"uid":"8060b33"}
[2019-11-10 20:21:36] UTN FRA LOGGER.INFO: ip =::1 [] {"uid":"8060b33"}
[2019-11-10 20:35:04] UTN FRA LOGGER.INFO: Datos  =PostmanRuntime/7.19.0 [] {"uid":"21cc6f6"}
[2019-11-10 20:35:04] UTN FRA LOGGER.INFO: ip =::1 [] {"uid":"21cc6f6"}
[2019-11-10 20:35:33] UTN FRA LOGGER.INFO: Datos  =PostmanRuntime/7.19.0 [] {"uid":"59de559"}
[2019-11-10 20:35:33] UTN FRA LOGGER.INFO: ip =::1 [] {"uid":"59de559"}
[2019-11-10 20:36:47] UTN FRA LOGGER.INFO: Datos  =PostmanRuntime/7.19.0 [] {"uid":"cfbca07"}
[2019-11-10 20:36:47] UTN FRA LOGGER.INFO: ip =::1 [] {"uid":"cfbca07"}
[2019-11-10 20:36:59] UTN FRA LOGGER.INFO: Datos  =PostmanRuntime/7.19.0 [] {"uid":"7e2cffe"}
[2019-11-10 20:36:59] UTN FRA LOGGER.INFO: ip =::1 [] {"uid":"7e2cffe"}
[2019-11-10 20:39:03] UTN FRA LOGGER.INFO: Datos  =PostmanRuntime/7.19.0 [] {"uid":"ad70da6"}
[2019-11-10 20:39:03] UTN FRA LOGGER.INFO: ip =::1 [] {"uid":"ad70da6"}
[2019-11-10 20:40:10] UTN FRA LOGGER.INFO: Datos  =PostmanRuntime/7.19.0 [] {"uid":"2bfc2d3"}
[2019-11-10 20:40:10] UTN FRA LOGGER.INFO: ip =::1 [] {"uid":"2bfc2d3"}
[2019-11-10 20:42:00] UTN FRA LOGGER.INFO: Datos  =PostmanRuntime/7.19.0 [] {"uid":"821dae9"}
[2019-11-10 20:42:00] UTN FRA LOGGER.INFO: ip =::1 [] {"uid":"821dae9"}
[2019-11-10 20:42:28] UTN FRA LOGGER.INFO: Datos  =PostmanRuntime/7.19.0 [] {"uid":"ef603fd"}
[2019-11-10 20:42:28] UTN FRA LOGGER.INFO: ip =::1 [] {"uid":"ef603fd"}
[2019-11-10 20:44:52] UTN FRA LOGGER.INFO: Datos  =PostmanRuntime/7.19.0 [] {"uid":"edc1dfd"}
[2019-11-10 20:44:52] UTN FRA LOGGER.INFO: ip =::1 [] {"uid":"edc1dfd"}
[2019-11-10 20:45:01] UTN FRA LOGGER.INFO: Datos  =PostmanRuntime/7.19.0 [] {"uid":"44e65ce"}
[2019-11-10 20:45:01] UTN FRA LOGGER.INFO: ip =::1 [] {"uid":"44e65ce"}
[2019-11-10 20:45:45] UTN FRA LOGGER.INFO: Datos  =PostmanRuntime/7.19.0 [] {"uid":"a50e454"}
[2019-11-10 20:45:45] UTN FRA LOGGER.INFO: ip =::1 [] {"uid":"a50e454"}
[2019-11-10 20:46:14] UTN FRA LOGGER.INFO: Datos  =PostmanRuntime/7.19.0 [] {"uid":"976e38d"}
[2019-11-10 20:46:14] UTN FRA LOGGER.INFO: ip =::1 [] {"uid":"976e38d"}
[2019-11-10 20:46:26] UTN FRA LOGGER.INFO: Datos  =PostmanRuntime/7.19.0 [] {"uid":"4430b94"}
[2019-11-10 20:46:26] UTN FRA LOGGER.INFO: ip =::1 [] {"uid":"4430b94"}
[2019-11-10 20:46:52] UTN FRA LOGGER.INFO: Datos  =PostmanRuntime/7.19.0 [] {"uid":"e251ca6"}
[2019-11-10 20:46:52] UTN FRA LOGGER.INFO: ip =::1 [] {"uid":"e251ca6"}
[2019-11-10 20:47:08] UTN FRA LOGGER.INFO: Datos  =PostmanRuntime/7.19.0 [] {"uid":"01046ad"}
[2019-11-10 20:47:08] UTN FRA LOGGER.INFO: ip =::1 [] {"uid":"01046ad"}
[2019-11-10 20:47:26] UTN FRA LOGGER.INFO: Datos  =PostmanRuntime/7.19.0 [] {"uid":"e65aa13"}
[2019-11-10 20:47:26] UTN FRA LOGGER.INFO: ip =::1 [] {"uid":"e65aa13"}
[2019-11-10 20:47:38] UTN FRA LOGGER.INFO: Datos  =PostmanRuntime/7.19.0 [] {"uid":"c6f5560"}
[2019-11-10 20:47:38] UTN FRA LOGGER.INFO: ip =::1 [] {"uid":"c6f5560"}
[2019-11-10 20:48:06] UTN FRA LOGGER.INFO: Datos  =PostmanRuntime/7.19.0 [] {"uid":"f3199e2"}
[2019-11-10 20:48:06] UTN FRA LOGGER.INFO: ip =::1 [] {"uid":"f3199e2"}
[2019-11-10 20:48:31] UTN FRA LOGGER.INFO: Datos  =PostmanRuntime/7.19.0 [] {"uid":"4be3158"}
[2019-11-10 20:48:31] UTN FRA LOGGER.INFO: ip =::1 [] {"uid":"4be3158"}
[2019-11-10 20:49:45] UTN FRA LOGGER.INFO: Datos  =PostmanRuntime/7.19.0 [] {"uid":"63979d5"}
[2019-11-10 20:49:45] UTN FRA LOGGER.INFO: ip =::1 [] {"uid":"63979d5"}
[2019-11-10 20:50:01] UTN FRA LOGGER.INFO: Datos  =PostmanRuntime/7.19.0 [] {"uid":"d1cb188"}
[2019-11-10 20:50:01] UTN FRA LOGGER.INFO: ip =::1 [] {"uid":"d1cb188"}
[2019-11-10 20:50:22] UTN FRA LOGGER.INFO: Datos  =PostmanRuntime/7.19.0 [] {"uid":"fc10344"}
[2019-11-10 20:50:22] UTN FRA LOGGER.INFO: ip =::1 [] {"uid":"fc10344"}
[2019-11-10 20:50:54] UTN FRA LOGGER.INFO: Datos  =PostmanRuntime/7.19.0 [] {"uid":"95e0332"}
[2019-11-10 20:50:54] UTN FRA LOGGER.INFO: ip =::1 [] {"uid":"95e0332"}
[2019-11-10 20:51:35] UTN FRA LOGGER.INFO: Datos  =PostmanRuntime/7.19.0 [] {"uid":"15aa382"}
[2019-11-10 20:51:35] UTN FRA LOGGER.INFO: ip =::1 [] {"uid":"15aa382"}
[2019-11-10 20:51:46] UTN FRA LOGGER.INFO: Datos  =PostmanRuntime/7.19.0 [] {"uid":"3818dea"}
[2019-11-10 20:51:46] UTN FRA LOGGER.INFO: ip =::1 [] {"uid":"3818dea"}
[2019-11-10 21:19:00] UTN FRA LOGGER.INFO: Datos  =PostmanRuntime/7.19.0 [] {"uid":"996f476"}
[2019-11-10 21:19:00] UTN FRA LOGGER.INFO: ip =::1 [] {"uid":"996f476"}
[2019-11-10 21:21:39] UTN FRA LOGGER.INFO: Datos  =PostmanRuntime/7.19.0 [] {"uid":"6b05761"}
[2019-11-10 21:21:39] UTN FRA LOGGER.INFO: ip =::1 [] {"uid":"6b05761"}
[2019-11-10 21:22:17] UTN FRA LOGGER.INFO: Datos  =PostmanRuntime/7.19.0 [] {"uid":"3e2d0bc"}
[2019-11-10 21:22:17] UTN FRA LOGGER.INFO: ip =::1 [] {"uid":"3e2d0bc"}
[2019-11-10 21:23:59] UTN FRA LOGGER.INFO: Datos  =PostmanRuntime/7.19.0 [] {"uid":"6b56ab0"}
[2019-11-10 21:23:59] UTN FRA LOGGER.INFO: ip =::1 [] {"uid":"6b56ab0"}
[2019-11-10 21:24:15] UTN FRA LOGGER.INFO: Datos  =PostmanRuntime/7.19.0 [] {"uid":"c5f07d8"}
[2019-11-10 21:24:15] UTN FRA LOGGER.INFO: ip =::1 [] {"uid":"c5f07d8"}
[2019-11-10 21:26:32] UTN FRA LOGGER.INFO: Datos  =PostmanRuntime/7.19.0 [] {"uid":"9e7a75a"}
[2019-11-10 21:26:32] UTN FRA LOGGER.INFO: ip =::1 [] {"uid":"9e7a75a"}
[2019-11-10 21:36:24] UTN FRA LOGGER.INFO: Datos  =PostmanRuntime/7.19.0 [] {"uid":"4741dc3"}
[2019-11-10 21:36:24] UTN FRA LOGGER.INFO: ip =::1 [] {"uid":"4741dc3"}
[2019-11-10 21:36:54] UTN FRA LOGGER.INFO: Datos  =PostmanRuntime/7.19.0 [] {"uid":"48e9276"}
[2019-11-10 21:36:54] UTN FRA LOGGER.INFO: ip =::1 [] {"uid":"48e9276"}
[2019-11-10 21:38:42] UTN FRA LOGGER.INFO: Datos  =PostmanRuntime/7.19.0 [] {"uid":"45fe2ab"}
[2019-11-10 21:38:42] UTN FRA LOGGER.INFO: ip =::1 [] {"uid":"45fe2ab"}
[2019-11-10 21:39:00] UTN FRA LOGGER.INFO: Datos  =PostmanRuntime/7.19.0 [] {"uid":"d2746c6"}
[2019-11-10 21:39:00] UTN FRA LOGGER.INFO: ip =::1 [] {"uid":"d2746c6"}
[2019-11-10 21:39:46] UTN FRA LOGGER.INFO: Datos  =PostmanRuntime/7.19.0 [] {"uid":"93949b2"}
[2019-11-10 21:39:46] UTN FRA LOGGER.INFO: ip =::1 [] {"uid":"93949b2"}
[2019-11-10 21:40:34] UTN FRA LOGGER.INFO: Datos  =PostmanRuntime/7.19.0 [] {"uid":"0f05a8a"}
[2019-11-10 21:40:34] UTN FRA LOGGER.INFO: ip =::1 [] {"uid":"0f05a8a"}
[2019-11-10 21:41:51] UTN FRA LOGGER.INFO: Datos  =PostmanRuntime/7.19.0 [] {"uid":"42464cd"}
[2019-11-10 21:41:51] UTN FRA LOGGER.INFO: ip =::1 [] {"uid":"42464cd"}
[2019-11-10 21:42:32] UTN FRA LOGGER.INFO: Datos  =PostmanRuntime/7.19.0 [] {"uid":"1036602"}
[2019-11-10 21:42:32] UTN FRA LOGGER.INFO: ip =::1 [] {"uid":"1036602"}
[2019-11-10 21:56:09] UTN FRA LOGGER.INFO: Datos  =PostmanRuntime/7.19.0 [] {"uid":"adeb1e0"}
[2019-11-10 21:56:09] UTN FRA LOGGER.INFO: ip =::1 [] {"uid":"adeb1e0"}
[2019-11-10 21:56:47] UTN FRA LOGGER.INFO: Datos  =PostmanRuntime/7.19.0 [] {"uid":"b4b8237"}
[2019-11-10 21:56:47] UTN FRA LOGGER.INFO: ip =::1 [] {"uid":"b4b8237"}
[2019-11-10 21:57:59] UTN FRA LOGGER.INFO: Datos  =PostmanRuntime/7.19.0 [] {"uid":"b85fe75"}
[2019-11-10 21:57:59] UTN FRA LOGGER.INFO: ip =::1 [] {"uid":"b85fe75"}
[2019-11-10 22:00:08] UTN FRA LOGGER.INFO: Datos  =PostmanRuntime/7.19.0 [] {"uid":"e3baaf1"}
[2019-11-10 22:00:08] UTN FRA LOGGER.INFO: ip =::1 [] {"uid":"e3baaf1"}
[2019-11-10 22:00:15] UTN FRA LOGGER.INFO: Datos  =PostmanRuntime/7.19.0 [] {"uid":"4e5b359"}
[2019-11-10 22:00:15] UTN FRA LOGGER.INFO: ip =::1 [] {"uid":"4e5b359"}
[2019-11-10 22:02:54] UTN FRA LOGGER.INFO: Datos  =PostmanRuntime/7.19.0 [] {"uid":"0b060e2"}
[2019-11-10 22:02:54] UTN FRA LOGGER.INFO: ip =::1 [] {"uid":"0b060e2"}
[2019-11-10 22:03:00] UTN FRA LOGGER.INFO: Datos  =PostmanRuntime/7.19.0 [] {"uid":"af0d68e"}
[2019-11-10 22:03:00] UTN FRA LOGGER.INFO: ip =::1 [] {"uid":"af0d68e"}
[2019-11-10 22:07:47] UTN FRA LOGGER.INFO: Datos  =PostmanRuntime/7.19.0 [] {"uid":"5556aa6"}
[2019-11-10 22:07:47] UTN FRA LOGGER.INFO: ip =::1 [] {"uid":"5556aa6"}
[2019-11-10 22:10:03] UTN FRA LOGGER.INFO: Datos  =PostmanRuntime/7.19.0 [] {"uid":"c89c5e7"}
[2019-11-10 22:10:03] UTN FRA LOGGER.INFO: ip =::1 [] {"uid":"c89c5e7"}
[2019-11-10 22:10:58] UTN FRA LOGGER.INFO: Datos  =PostmanRuntime/7.19.0 [] {"uid":"301fdb3"}
[2019-11-10 22:10:58] UTN FRA LOGGER.INFO: ip =::1 [] {"uid":"301fdb3"}
[2019-11-10 22:11:20] UTN FRA LOGGER.INFO: Datos  =PostmanRuntime/7.19.0 [] {"uid":"53fdb41"}
[2019-11-10 22:11:20] UTN FRA LOGGER.INFO: ip =::1 [] {"uid":"53fdb41"}
[2019-11-10 22:11:28] UTN FRA LOGGER.INFO: Datos  =PostmanRuntime/7.19.0 [] {"uid":"75f8554"}
[2019-11-10 22:11:28] UTN FRA LOGGER.INFO: ip =::1 [] {"uid":"75f8554"}
[2019-11-10 22:12:05] UTN FRA LOGGER.INFO: Datos  =PostmanRuntime/7.19.0 [] {"uid":"844e665"}
[2019-11-10 22:12:05] UTN FRA LOGGER.INFO: ip =::1 [] {"uid":"844e665"}
[2019-11-10 22:12:10] UTN FRA LOGGER.INFO: Datos  =PostmanRuntime/7.19.0 [] {"uid":"75514e6"}
[2019-11-10 22:12:10] UTN FRA LOGGER.INFO: ip =::1 [] {"uid":"75514e6"}
[2019-11-10 22:34:33] UTN FRA LOGGER.INFO: Datos  =PostmanRuntime/7.19.0 [] {"uid":"3f72e76"}
[2019-11-10 22:34:33] UTN FRA LOGGER.INFO: ip =::1 [] {"uid":"3f72e76"}
[2019-11-10 22:49:13] UTN FRA LOGGER.INFO: Datos  =PostmanRuntime/7.19.0 [] {"uid":"ca5c9e0"}
[2019-11-10 22:49:13] UTN FRA LOGGER.INFO: ip =::1 [] {"uid":"ca5c9e0"}
[2019-11-10 22:55:25] UTN FRA LOGGER.INFO: Datos  =PostmanRuntime/7.19.0 [] {"uid":"f744521"}
[2019-11-10 22:55:25] UTN FRA LOGGER.INFO: ip =::1 [] {"uid":"f744521"}
[2019-11-10 22:56:19] UTN FRA LOGGER.INFO: Datos  =PostmanRuntime/7.19.0 [] {"uid":"0e12db4"}
[2019-11-10 22:56:19] UTN FRA LOGGER.INFO: ip =::1 [] {"uid":"0e12db4"}
[2019-11-10 22:56:56] UTN FRA LOGGER.INFO: Datos  =PostmanRuntime/7.19.0 [] {"uid":"068f68a"}
[2019-11-10 22:56:56] UTN FRA LOGGER.INFO: ip =::1 [] {"uid":"068f68a"}
[2019-11-10 23:00:09] UTN FRA LOGGER.INFO: Datos  =PostmanRuntime/7.19.0 [] {"uid":"e078dca"}
[2019-11-10 23:00:09] UTN FRA LOGGER.INFO: ip =::1 [] {"uid":"e078dca"}
[2019-11-10 23:00:19] UTN FRA LOGGER.INFO: Datos  =PostmanRuntime/7.19.0 [] {"uid":"64a8250"}
[2019-11-10 23:00:19] UTN FRA LOGGER.INFO: ip =::1 [] {"uid":"64a8250"}
[2019-11-10 23:01:37] UTN FRA LOGGER.INFO: Datos  =PostmanRuntime/7.19.0 [] {"uid":"257d8ca"}
[2019-11-10 23:01:37] UTN FRA LOGGER.INFO: ip =::1 [] {"uid":"257d8ca"}
[2019-11-10 23:02:13] UTN FRA LOGGER.INFO: Datos  =PostmanRuntime/7.19.0 [] {"uid":"0e2a58c"}
[2019-11-10 23:02:13] UTN FRA LOGGER.INFO: ip =::1 [] {"uid":"0e2a58c"}
